2026-04-12 13:34:44,215 [INFO] clairvoyance.gui - Clairvoyance GUI starting - log file: C:\Users\nikit\Documents\clairvoyance\dist\Clairvoyance\gui.log
2026-04-12 13:34:49,778 [INFO] clairvoyance.gui - _find_game_data_dir: starting from mdb_path=C:\Users\nikit\AppData\LocalLow\Cygames\Umamusume\master\master.mdb (resolved=C:\Users\nikit\AppData\LocalLow\Cygames\Umamusume\master\master.mdb)
2026-04-12 13:34:49,779 [DEBUG] clairvoyance.gui - _find_game_data_dir: no dat/ at C:\Users\nikit\AppData\LocalLow\Cygames\Umamusume\master
2026-04-12 13:34:49,779 [INFO] clairvoyance.gui - _find_game_data_dir: FOUND dat/ at C:\Users\nikit\AppData\LocalLow\Cygames\Umamusume (level 1 up)
2026-04-12 13:34:51,078 [DEBUG] clairvoyance.gui - Looking for tool: C:\Users\nikit\Documents\clairvoyance\dist\Clairvoyance\discover.exe (APP_DIR=C:\Users\nikit\Documents\clairvoyance\dist\Clairvoyance)
2026-04-12 13:34:51,165 [INFO] clairvoyance.gui - Setup started (pid=16988): C:\Users\nikit\Documents\clairvoyance\dist\Clairvoyance\discover.exe --all
2026-04-12 13:34:56,618 [INFO] clairvoyance.gui - Process exited with code 0 (pid 16988)
2026-04-12 13:34:56,619 [DEBUG] clairvoyance.gui - Looking for tool: C:\Users\nikit\Documents\clairvoyance\dist\Clairvoyance\analyse.exe (APP_DIR=C:\Users\nikit\Documents\clairvoyance\dist\Clairvoyance)
2026-04-12 13:34:57,736 [INFO] clairvoyance.gui - Process exited with code 0 (pid 12964)
2026-04-12 13:34:57,736 [INFO] clairvoyance.gui - Setup pipeline done - interesting.json confirmed at C:\Users\nikit\Documents\clairvoyance\dist\Clairvoyance\discovery\interesting.json
2026-04-12 13:34:58,175 [INFO] clairvoyance.gui - _find_game_data_dir: starting from mdb_path=C:\Users\nikit\AppData\LocalLow\Cygames\Umamusume\master\master.mdb (resolved=C:\Users\nikit\AppData\LocalLow\Cygames\Umamusume\master\master.mdb)
2026-04-12 13:34:58,176 [DEBUG] clairvoyance.gui - _find_game_data_dir: no dat/ at C:\Users\nikit\AppData\LocalLow\Cygames\Umamusume\master
2026-04-12 13:34:58,176 [INFO] clairvoyance.gui - _find_game_data_dir: FOUND dat/ at C:\Users\nikit\AppData\LocalLow\Cygames\Umamusume (level 1 up)
2026-04-12 13:34:58,950 [INFO] clairvoyance.gui - Story extraction: game_dir=C:\Users\nikit\AppData\LocalLow\Cygames\Umamusume, dat_dir=C:\Users\nikit\AppData\LocalLow\Cygames\Umamusume\dat
2026-04-12 13:34:58,966 [INFO] clairvoyance.gui - dat/ has 1024 subdirectories: ['22', '23', '24', '25', '26', '27', '2A', '2B', '2C', '2D', '2E', '2F', '2G', '2H', '2I', '2J', '2K', '2L', '2M', '2N']
2026-04-12 13:34:58,967 [INFO] extract_story_text - meta plain open failed (file is not a database) — attempting decryption...
2026-04-12 13:34:58,968 [DEBUG] extract_story_text - Trying Global key for meta decryption...
2026-04-12 13:34:58,968 [DEBUG] extract_story_text - pysqlcipher3 not available
2026-04-12 13:34:58,969 [DEBUG] extract_story_text - sqlcipher3 not available
2026-04-12 13:34:58,969 [DEBUG] extract_story_text - sqlite3mc DLL search dirs: ['C:\\Users\\nikit\\Documents\\clairvoyance\\dist\\Clairvoyance', 'C:\\Users\\nikit\\Documents\\clairvoyance\\dist\\Clairvoyance', 'C:\\Users\\nikit\\Documents\\clairvoyance\\dist\\Clairvoyance\\_internal', 'C:\\Users\\nikit\\Documents\\clairvoyance\\dist\\Clairvoyance\\_internal']
2026-04-12 13:34:58,976 [INFO] extract_story_text - Loaded sqlite3mc_x64.dll from C:\Users\nikit\Documents\clairvoyance\dist\Clairvoyance
2026-04-12 13:34:58,977 [INFO] extract_story_text - Decrypting meta via sqlite3mc DLL...
2026-04-12 13:34:58,978 [DEBUG] extract_story_text - sqlite3_open_v2 OK, db_ptr=2163818330128
2026-04-12 13:34:58,978 [DEBUG] extract_story_text - sqlite3mc_config('cipher', 3) rc=3
2026-04-12 13:34:59,000 [DEBUG] extract_story_text - sqlite3_key(raw 12 bytes) rc=0
2026-04-12 13:34:59,000 [INFO] extract_story_text - Validation OK — cipher=3 key=12 bytes
2026-04-12 13:34:59,373 [INFO] extract_story_text - Decrypted meta -> C:\Users\nikit\AppData\LocalLow\Cygames\Umamusume\meta_decrypted
2026-04-12 13:34:59,374 [INFO] extract_story_text - Decrypted meta via sqlite3mc (Global key)
2026-04-12 13:34:59,374 [INFO] extract_story_text - Meta DB table 'a' columns: ['i', 'n', 'd', 'g', 'l', 'c', 'h', 'm', 'k', 's', 'p', 'e']
2026-04-12 13:34:59,375 [INFO] extract_story_text - Table 'a' has 128686 total rows
2026-04-12 13:34:59,405 [INFO] extract_story_text - Found 19583 story timeline entries
2026-04-12 13:34:59,405 [INFO] extract_story_text -   Sample: name=story/data/00/0000/resourcelist/storytimeline_000000001_resources hash=ESGHHA6QXFTXF5FH2WK7K6JPNALBC5RX
2026-04-12 13:34:59,406 [INFO] clairvoyance.gui - Meta returned 19583 story timeline entries
2026-04-12 13:34:59,407 [INFO] clairvoyance.gui - Sample meta entry: name=story/data/00/0000/resourcelist/storytimeline_000000001_resources hash=ESGHHA6QXFTXF5FH2WK7K6JPNALBC5RX key=-6456325352893890475 → expected path: C:\Users\nikit\AppData\LocalLow\Cygames\Umamusume\dat\ES\ESGHHA6QXFTXF5FH2WK7K6JPNALBC5RX
2026-04-12 13:38:58,645 [INFO] clairvoyance.gui - Story extraction complete: 19583 entries, 19583 processed, 0 skipped (file missing), 0 with choices
2026-04-12 13:38:58,646 [INFO] clairvoyance.gui - No story choices found — not writing story_choices.json
2026-04-12 13:39:10,513 [INFO] clairvoyance.gui - _find_game_data_dir: starting from mdb_path=C:\Users\nikit\AppData\LocalLow\Cygames\Umamusume\master\master.mdb (resolved=C:\Users\nikit\AppData\LocalLow\Cygames\Umamusume\master\master.mdb)
2026-04-12 13:39:10,516 [DEBUG] clairvoyance.gui - _find_game_data_dir: no dat/ at C:\Users\nikit\AppData\LocalLow\Cygames\Umamusume\master
2026-04-12 13:39:10,517 [INFO] clairvoyance.gui - _find_game_data_dir: FOUND dat/ at C:\Users\nikit\AppData\LocalLow\Cygames\Umamusume (level 1 up)
2026-04-12 13:39:12,292 [INFO] clairvoyance.gui - _find_game_data_dir: starting from mdb_path=C:\Users\nikit\AppData\LocalLow\Cygames\Umamusume\master\master.mdb (resolved=C:\Users\nikit\AppData\LocalLow\Cygames\Umamusume\master\master.mdb)
2026-04-12 13:39:12,292 [DEBUG] clairvoyance.gui - _find_game_data_dir: no dat/ at C:\Users\nikit\AppData\LocalLow\Cygames\Umamusume\master
2026-04-12 13:39:12,292 [INFO] clairvoyance.gui - _find_game_data_dir: FOUND dat/ at C:\Users\nikit\AppData\LocalLow\Cygames\Umamusume (level 1 up)
2026-04-12 13:39:12,293 [INFO] clairvoyance.gui - Story extraction: game_dir=C:\Users\nikit\AppData\LocalLow\Cygames\Umamusume, dat_dir=C:\Users\nikit\AppData\LocalLow\Cygames\Umamusume\dat
2026-04-12 13:39:12,309 [INFO] clairvoyance.gui - dat/ has 1024 subdirectories: ['22', '23', '24', '25', '26', '27', '2A', '2B', '2C', '2D', '2E', '2F', '2G', '2H', '2I', '2J', '2K', '2L', '2M', '2N']
2026-04-12 13:39:12,310 [INFO] extract_story_text - meta plain open failed (file is not a database) — attempting decryption...
2026-04-12 13:39:12,310 [DEBUG] extract_story_text - Trying Global key for meta decryption...
2026-04-12 13:39:12,310 [DEBUG] extract_story_text - pysqlcipher3 not available
2026-04-12 13:39:12,310 [DEBUG] extract_story_text - sqlcipher3 not available
2026-04-12 13:39:12,311 [DEBUG] extract_story_text - sqlite3mc DLL search dirs: ['C:\\Users\\nikit\\Documents\\clairvoyance\\dist\\Clairvoyance', 'C:\\Users\\nikit\\Documents\\clairvoyance\\dist\\Clairvoyance', 'C:\\Users\\nikit\\Documents\\clairvoyance\\dist\\Clairvoyance\\_internal', 'C:\\Users\\nikit\\Documents\\clairvoyance\\dist\\Clairvoyance\\_internal']
2026-04-12 13:39:12,311 [INFO] extract_story_text - Loaded sqlite3mc_x64.dll from C:\Users\nikit\Documents\clairvoyance\dist\Clairvoyance
2026-04-12 13:39:12,311 [INFO] extract_story_text - Decrypting meta via sqlite3mc DLL...
2026-04-12 13:39:12,312 [DEBUG] extract_story_text - sqlite3_open_v2 OK, db_ptr=2163293444560
2026-04-12 13:39:12,312 [DEBUG] extract_story_text - sqlite3mc_config('cipher', 3) rc=3
2026-04-12 13:39:12,334 [DEBUG] extract_story_text - sqlite3_key(raw 12 bytes) rc=0
2026-04-12 13:39:12,335 [INFO] extract_story_text - Validation OK — cipher=3 key=12 bytes
2026-04-12 13:39:12,705 [INFO] extract_story_text - Decrypted meta -> C:\Users\nikit\AppData\LocalLow\Cygames\Umamusume\meta_decrypted
2026-04-12 13:39:12,706 [INFO] extract_story_text - Decrypted meta via sqlite3mc (Global key)
2026-04-12 13:39:12,707 [INFO] extract_story_text - Meta DB table 'a' columns: ['i', 'n', 'd', 'g', 'l', 'c', 'h', 'm', 'k', 's', 'p', 'e']
2026-04-12 13:39:12,708 [INFO] extract_story_text - Table 'a' has 128686 total rows
2026-04-12 13:39:12,779 [INFO] extract_story_text - Found 19583 story timeline entries
2026-04-12 13:39:12,780 [INFO] extract_story_text -   Sample: name=story/data/00/0000/resourcelist/storytimeline_000000001_resources hash=ESGHHA6QXFTXF5FH2WK7K6JPNALBC5RX
2026-04-12 13:39:12,781 [INFO] clairvoyance.gui - Meta returned 19583 story timeline entries
2026-04-12 13:39:12,781 [INFO] clairvoyance.gui - Sample meta entry: name=story/data/00/0000/resourcelist/storytimeline_000000001_resources hash=ESGHHA6QXFTXF5FH2WK7K6JPNALBC5RX key=-6456325352893890475 → expected path: C:\Users\nikit\AppData\LocalLow\Cygames\Umamusume\dat\ES\ESGHHA6QXFTXF5FH2WK7K6JPNALBC5RX
