Auto-selected 3 stories to inspect:
  801001001 曲がり角には、気をつけます！ (card=0, chara=1001)
  801001002 あれもこれもで、悩んじゃいます！ (card=0, chara=1001)

Found 3/3 bundles in meta

--- Story 801001001 ---
  Objects: 169
  MonoBehaviours: 150
  ChoiceDataLists found: 3
  ** Interesting MB: m_Name=
     Keys: ['DataVer', 'Lerp', 'AnimationCurve', 'EasingType', 'IsEnableClip', 'StartFrame', 'ClipLength', 'IsForceUpdate', '_isUpdateOverBlock', 'CharaId', 'SubCharaId', 'SubIconId', 'VoiceSheetId', 'CueId', 'UseVoiceSelector', 'Name', 'Text', 'Size', 'IsCustomFontStyle', 'OutlineSizeType', 'GradientColorType', 'OutlineColorType', 'NextBlock', 'DifferenceType', 'DifferenceFlag', 'IsTypewriteAnimation', 'WaitFrame', 'VoiceLength', 'Pan3dAngle', 'Type', 'IconMode', 'GainTypeOnExitLoop', 'ChoiceDataList', 'LoopCountSettingData', 'ColorTextInfoList', 'AdditionalGradientList', 'FeaturesFlag', 'EnableClipEndSpace', 'IsOverrideTypewriteSecond', 'OverrideTypewriteSecond', 'SingleChoiceAutoSelectDuration', 'ShowChoiceTextToComment']
  ** Interesting MB: m_Name=
     Keys: ['DataVer', 'Lerp', 'AnimationCurve', 'EasingType', 'IsEnableClip', 'StartFrame', 'ClipLength', 'IsForceUpdate', '_isUpdateOverBlock', 'CharaId', 'SubCharaId', 'SubIconId', 'VoiceSheetId', 'CueId', 'UseVoiceSelector', 'Name', 'Text', 'Size', 'IsCustomFontStyle', 'OutlineSizeType', 'GradientColorType', 'OutlineColorType', 'NextBlock', 'DifferenceType', 'DifferenceFlag', 'IsTypewriteAnimation', 'WaitFrame', 'VoiceLength', 'Pan3dAngle', 'Type', 'IconMode', 'GainTypeOnExitLoop', 'ChoiceDataList', 'LoopCountSettingData', 'ColorTextInfoList', 'AdditionalGradientList', 'FeaturesFlag', 'EnableClipEndSpace', 'IsOverrideTypewriteSecond', 'OverrideTypewriteSecond', 'SingleChoiceAutoSelectDuration', 'ShowChoiceTextToComment']
  ** Interesting MB: m_Name=
     Keys: ['DataVer', 'Lerp', 'AnimationCurve', 'EasingType', 'IsEnableClip', 'StartFrame', 'ClipLength', 'IsForceUpdate', '_isUpdateOverBlock', 'CharaId', 'SubCharaId', 'SubIconId', 'VoiceSheetId', 'CueId', 'UseVoiceSelector', 'Name', 'Text', 'Size', 'IsCustomFontStyle', 'OutlineSizeType', 'GradientColorType', 'OutlineColorType', 'NextBlock', 'DifferenceType', 'DifferenceFlag', 'IsTypewriteAnimation', 'WaitFrame', 'VoiceLength', 'Pan3dAngle', 'Type', 'IconMode', 'GainTypeOnExitLoop', 'ChoiceDataList', 'LoopCountSettingData', 'ColorTextInfoList', 'AdditionalGradientList', 'FeaturesFlag', 'EnableClipEndSpace', 'IsOverrideTypewriteSecond', 'OverrideTypewriteSecond', 'SingleChoiceAutoSelectDuration', 'ShowChoiceTextToComment']
  ** Interesting MB: m_Name=
     Keys: ['DataVer', 'Lerp', 'AnimationCurve', 'EasingType', 'IsEnableClip', 'StartFrame', 'ClipLength', 'IsForceUpdate', '_isUpdateOverBlock', 'CharaId', 'SubCharaId', 'SubIconId', 'VoiceSheetId', 'CueId', 'UseVoiceSelector', 'Name', 'Text', 'Size', 'IsCustomFontStyle', 'OutlineSizeType', 'GradientColorType', 'OutlineColorType', 'NextBlock', 'DifferenceType', 'DifferenceFlag', 'IsTypewriteAnimation', 'WaitFrame', 'VoiceLength', 'Pan3dAngle', 'Type', 'IconMode', 'GainTypeOnExitLoop', 'ChoiceDataList', 'LoopCountSettingData', 'ColorTextInfoList', 'AdditionalGradientList', 'FeaturesFlag', 'EnableClipEndSpace', 'IsOverrideTypewriteSecond', 'OverrideTypewriteSecond', 'SingleChoiceAutoSelectDuration', 'ShowChoiceTextToComment']
  ** Interesting MB: m_Name=
     Keys: ['DataVer', 'Lerp', 'AnimationCurve', 'EasingType', 'IsEnableClip', 'StartFrame', 'ClipLength', 'IsForceUpdate', '_isUpdateOverBlock', 'CharaId', 'SubCharaId', 'SubIconId', 'VoiceSheetId', 'CueId', 'UseVoiceSelector', 'Name', 'Text', 'Size', 'IsCustomFontStyle', 'OutlineSizeType', 'GradientColorType', 'OutlineColorType', 'NextBlock', 'DifferenceType', 'DifferenceFlag', 'IsTypewriteAnimation', 'WaitFrame', 'VoiceLength', 'Pan3dAngle', 'Type', 'IconMode', 'GainTypeOnExitLoop', 'ChoiceDataList', 'LoopCountSettingData', 'ColorTextInfoList', 'AdditionalGradientList', 'FeaturesFlag', 'EnableClipEndSpace', 'IsOverrideTypewriteSecond', 'OverrideTypewriteSecond', 'SingleChoiceAutoSelectDuration', 'ShowChoiceTextToComment']
     _ChoiceDataList_item0_keys: ["Text", "NextBlock", "LoopExitNextBlock", "DifferenceType", "DifferenceFlag", "CharaIconId", "PropItemId"]
     _ChoiceDataList_item0: {"Text": "ここで全力を出さない方がいいぞ", "NextBlock": 9, "LoopExitNextBlock": -1, "DifferenceType": 1, "DifferenceFlag": 2, "CharaIconId": 0, "PropItemId": 0}
  ** Interesting MB: m_Name=
     Keys: ['DataVer', 'Lerp', 'AnimationCurve', 'EasingType', 'IsEnableClip', 'StartFrame', 'ClipLength', 'IsForceUpdate', '_isUpdateOverBlock', 'CharaId', 'SubCharaId', 'SubIconId', 'VoiceSheetId', 'CueId', 'UseVoiceSelector', 'Name', 'Text', 'Size', 'IsCustomFontStyle', 'OutlineSizeType', 'GradientColorType', 'OutlineColorType', 'NextBlock', 'DifferenceType', 'DifferenceFlag', 'IsTypewriteAnimation', 'WaitFrame', 'VoiceLength', 'Pan3dAngle', 'Type', 'IconMode', 'GainTypeOnExitLoop', 'ChoiceDataList', 'LoopCountSettingData', 'ColorTextInfoList', 'AdditionalGradientList', 'FeaturesFlag', 'EnableClipEndSpace', 'IsOverrideTypewriteSecond', 'OverrideTypewriteSecond', 'SingleChoiceAutoSelectDuration', 'ShowChoiceTextToComment']
  ** Interesting MB: m_Name=
     Keys: ['DataVer', 'Lerp', 'AnimationCurve', 'EasingType', 'IsEnableClip', 'StartFrame', 'ClipLength', 'IsForceUpdate', '_isUpdateOverBlock', 'CueName', 'CueSheetName', 'FadeInTime', 'FadeOutTime', 'IsPlay', 'IgnoreAutoCrossFade', 'ForceIgnoreAutoCrossFade', 'IsPlaySingleModeBgm', 'FadeCurveId', 'BgmStartTimeOffset', 'IsChangeSelectorEnabled', 'SelectorLabel']
  ** Interesting MB: m_Name=
     Keys: ['DataVer', 'Lerp', 'AnimationCurve', 'EasingType', 'IsEnableClip', 'StartFrame', 'ClipLength', 'IsForceUpdate', '_isUpdateOverBlock', 'CharaId', 'SubCharaId', 'SubIconId', 'VoiceSheetId', 'CueId', 'UseVoiceSelector', 'Name', 'Text', 'Size', 'IsCustomFontStyle', 'OutlineSizeType', 'GradientColorType', 'OutlineColorType', 'NextBlock', 'DifferenceType', 'DifferenceFlag', 'IsTypewriteAnimation', 'WaitFrame', 'VoiceLength', 'Pan3dAngle', 'Type', 'IconMode', 'GainTypeOnExitLoop', 'ChoiceDataList', 'LoopCountSettingData', 'ColorTextInfoList', 'AdditionalGradientList', 'FeaturesFlag', 'EnableClipEndSpace', 'IsOverrideTypewriteSecond', 'OverrideTypewriteSecond', 'SingleChoiceAutoSelectDuration', 'ShowChoiceTextToComment']
  ** Interesting MB: m_Name=
     Keys: ['DataVer', 'Lerp', 'AnimationCurve', 'EasingType', 'IsEnableClip', 'StartFrame', 'ClipLength', 'IsForceUpdate', '_isUpdateOverBlock', 'CharaId', 'SubCharaId', 'SubIconId', 'VoiceSheetId', 'CueId', 'UseVoiceSelector', 'Name', 'Text', 'Size', 'IsCustomFontStyle', 'OutlineSizeType', 'GradientColorType', 'OutlineColorType', 'NextBlock', 'DifferenceType', 'DifferenceFlag', 'IsTypewriteAnimation', 'WaitFrame', 'VoiceLength', 'Pan3dAngle', 'Type', 'IconMode', 'GainTypeOnExitLoop', 'ChoiceDataList', 'LoopCountSettingData', 'ColorTextInfoList', 'AdditionalGradientList', 'FeaturesFlag', 'EnableClipEndSpace', 'IsOverrideTypewriteSecond', 'OverrideTypewriteSecond', 'SingleChoiceAutoSelectDuration', 'ShowChoiceTextToComment']
     _ChoiceDataList_item0_keys: ["Text", "NextBlock", "LoopExitNextBlock", "DifferenceType", "DifferenceFlag", "CharaIconId", "PropItemId"]
     _ChoiceDataList_item0: {"Text": "ここで全力を出さない方がいいぞ", "NextBlock": 9, "LoopExitNextBlock": -1, "DifferenceType": 1, "DifferenceFlag": 2, "CharaIconId": 0, "PropItemId": 0}
  ** Interesting MB: m_Name=
     Keys: ['DataVer', 'Lerp', 'AnimationCurve', 'EasingType', 'IsEnableClip', 'StartFrame', 'ClipLength', 'IsForceUpdate', '_isUpdateOverBlock', 'CharaId', 'SubCharaId', 'SubIconId', 'VoiceSheetId', 'CueId', 'UseVoiceSelector', 'Name', 'Text', 'Size', 'IsCustomFontStyle', 'OutlineSizeType', 'GradientColorType', 'OutlineColorType', 'NextBlock', 'DifferenceType', 'DifferenceFlag', 'IsTypewriteAnimation', 'WaitFrame', 'VoiceLength', 'Pan3dAngle', 'Type', 'IconMode', 'GainTypeOnExitLoop', 'ChoiceDataList', 'LoopCountSettingData', 'ColorTextInfoList', 'AdditionalGradientList', 'FeaturesFlag', 'EnableClipEndSpace', 'IsOverrideTypewriteSecond', 'OverrideTypewriteSecond', 'SingleChoiceAutoSelectDuration', 'ShowChoiceTextToComment']
  ** Interesting MB: m_Name=
     Keys: ['DataVer', 'Lerp', 'AnimationCurve', 'EasingType', 'IsEnableClip', 'StartFrame', 'ClipLength', 'IsForceUpdate', '_isUpdateOverBlock', 'CharaId', 'SubCharaId', 'SubIconId', 'VoiceSheetId', 'CueId', 'UseVoiceSelector', 'Name', 'Text', 'Size', 'IsCustomFontStyle', 'OutlineSizeType', 'GradientColorType', 'OutlineColorType', 'NextBlock', 'DifferenceType', 'DifferenceFlag', 'IsTypewriteAnimation', 'WaitFrame', 'VoiceLength', 'Pan3dAngle', 'Type', 'IconMode', 'GainTypeOnExitLoop', 'ChoiceDataList', 'LoopCountSettingData', 'ColorTextInfoList', 'AdditionalGradientList', 'FeaturesFlag', 'EnableClipEndSpace', 'IsOverrideTypewriteSecond', 'OverrideTypewriteSecond', 'SingleChoiceAutoSelectDuration', 'ShowChoiceTextToComment']
  ** Interesting MB: m_Name=
     Keys: ['DataVer', 'Lerp', 'AnimationCurve', 'EasingType', 'IsEnableClip', 'StartFrame', 'ClipLength', 'IsForceUpdate', '_isUpdateOverBlock', 'CharaId', 'SubCharaId', 'SubIconId', 'VoiceSheetId', 'CueId', 'UseVoiceSelector', 'Name', 'Text', 'Size', 'IsCustomFontStyle', 'OutlineSizeType', 'GradientColorType', 'OutlineColorType', 'NextBlock', 'DifferenceType', 'DifferenceFlag', 'IsTypewriteAnimation', 'WaitFrame', 'VoiceLength', 'Pan3dAngle', 'Type', 'IconMode', 'GainTypeOnExitLoop', 'ChoiceDataList', 'LoopCountSettingData', 'ColorTextInfoList', 'AdditionalGradientList', 'FeaturesFlag', 'EnableClipEndSpace', 'IsOverrideTypewriteSecond', 'OverrideTypewriteSecond', 'SingleChoiceAutoSelectDuration', 'ShowChoiceTextToComment']
  ** Interesting MB: m_Name=
     Keys: ['DataVer', 'Lerp', 'AnimationCurve', 'EasingType', 'IsEnableClip', 'StartFrame', 'ClipLength', 'IsForceUpdate', '_isUpdateOverBlock', 'PresetType', 'SelectCameraAnimation', 'CustomCameraAnimation', 'ManualCameraParameter', 'MotionCameraParameter', 'PresetCameraParameter', 'IsCustumNearFar', 'NearPlane', 'FarPlane', 'AspectCorrectionType', 'VerticalBgAspectOffset', 'VerticalOffsetPosition', 'VerticalOffsetRotation', 'HorizontalBgAspectOffset', 'HorizontalOffsetPosition', 'HorizontalOffsetRotation', 'CharaScaleEnabled', 'CharaPosYEnabled', 'BasePosition', 'IsUseNewEvaluate', 'IsAddWaitingTime']
  ** Interesting MB: m_Name=
     Keys: ['DataVer', 'Lerp', 'AnimationCurve', 'EasingType', 'IsEnableClip', 'StartFrame', 'ClipLength', 'IsForceUpdate', '_isUpdateOverBlock', 'Type', 'EffectColor', 'FrameColor', 'IsFadeOut', 'KeepWindow', 'ControlDspBusEffect', 'IsPlayMotionSe', 'ShowRecordingMark', 'Target', 'KeepShake', 'PictureFileId', 'PictureSequenceNumber', 'PicturePos', 'PictureSize', 'TelopTextureFileId', 'TelopSquenceNumber', 'UseTelopOffsetPos', 'TelopOffsetPos', 'SetTelopSize', 'TelopSize', 'TelopDefaultAnchor', 'TelopAnimationStartPos', 'TelopAnimationEndPos', 'TelopAnimationStartAngle', 'TelopAnimationEndAngle', 'TelopAnimationStartScale', 'TelopAnimationEndScale', 'TelopTransformCurve', 'TelopAnimationStartAlpha', 'TelopAnimationEndAlpha', 'TelopAlphaCurve', 'TelopIn', 'PlayTelopMoveAnimation', 'PlayTelopRotateAnimation', 'PlayTelopScaleAnimation', 'PlayTelopAlphaAnimation', 'TelopSortingOrder', 'NoiseEffectData', 'CharacterShakeIntensity']
  ** Interesting MB: m_Name=
     Keys: ['DataVer', 'Lerp', 'AnimationCurve', 'EasingType', 'IsEnableClip', 'StartFrame', 'ClipLength', 'IsForceUpdate', '_isUpdateOverBlock', 'Type', 'EffectColor', 'FrameColor', 'IsFadeOut', 'KeepWindow', 'ControlDspBusEffect', 'IsPlayMotionSe', 'ShowRecordingMark', 'Target', 'KeepShake', 'PictureFileId', 'PictureSequenceNumber', 'PicturePos', 'PictureSize', 'TelopTextureFileId', 'TelopSquenceNumber', 'UseTelopOffsetPos', 'TelopOffsetPos', 'SetTelopSize', 'TelopSize', 'TelopDefaultAnchor', 'TelopAnimationStartPos', 'TelopAnimationEndPos', 'TelopAnimationStartAngle', 'TelopAnimationEndAngle', 'TelopAnimationStartScale', 'TelopAnimationEndScale', 'TelopTransformCurve', 'TelopAnimationStartAlpha', 'TelopAnimationEndAlpha', 'TelopAlphaCurve', 'TelopIn', 'PlayTelopMoveAnimation', 'PlayTelopRotateAnimation', 'PlayTelopScaleAnimation', 'PlayTelopAlphaAnimation', 'TelopSortingOrder', 'NoiseEffectData', 'CharacterShakeIntensity']
  ** Interesting MB: m_Name=
     Keys: ['DataVer', 'Lerp', 'AnimationCurve', 'EasingType', 'IsEnableClip', 'StartFrame', 'ClipLength', 'IsForceUpdate', '_isUpdateOverBlock', 'Type', 'EffectColor', 'FrameColor', 'IsFadeOut', 'KeepWindow', 'ControlDspBusEffect', 'IsPlayMotionSe', 'ShowRecordingMark', 'Target', 'KeepShake', 'PictureFileId', 'PictureSequenceNumber', 'PicturePos', 'PictureSize', 'TelopTextureFileId', 'TelopSquenceNumber', 'UseTelopOffsetPos', 'TelopOffsetPos', 'SetTelopSize', 'TelopSize', 'TelopDefaultAnchor', 'TelopAnimationStartPos', 'TelopAnimationEndPos', 'TelopAnimationStartAngle', 'TelopAnimationEndAngle', 'TelopAnimationStartScale', 'TelopAnimationEndScale', 'TelopTransformCurve', 'TelopAnimationStartAlpha', 'TelopAnimationEndAlpha', 'TelopAlphaCurve', 'TelopIn', 'PlayTelopMoveAnimation', 'PlayTelopRotateAnimation', 'PlayTelopScaleAnimation', 'PlayTelopAlphaAnimation', 'TelopSortingOrder', 'NoiseEffectData', 'CharacterShakeIntensity']
  ** Interesting MB: m_Name=
     Keys: ['DataVer', 'Lerp', 'AnimationCurve', 'EasingType', 'IsEnableClip', 'StartFrame', 'ClipLength', 'IsForceUpdate', '_isUpdateOverBlock', 'Type', 'EffectColor', 'FrameColor', 'IsFadeOut', 'KeepWindow', 'ControlDspBusEffect', 'IsPlayMotionSe', 'ShowRecordingMark', 'Target', 'KeepShake', 'PictureFileId', 'PictureSequenceNumber', 'PicturePos', 'PictureSize', 'TelopTextureFileId', 'TelopSquenceNumber', 'UseTelopOffsetPos', 'TelopOffsetPos', 'SetTelopSize', 'TelopSize', 'TelopDefaultAnchor', 'TelopAnimationStartPos', 'TelopAnimationEndPos', 'TelopAnimationStartAngle', 'TelopAnimationEndAngle', 'TelopAnimationStartScale', 'TelopAnimationEndScale', 'TelopTransformCurve', 'TelopAnimationStartAlpha', 'TelopAnimationEndAlpha', 'TelopAlphaCurve', 'TelopIn', 'PlayTelopMoveAnimation', 'PlayTelopRotateAnimation', 'PlayTelopScaleAnimation', 'PlayTelopAlphaAnimation', 'TelopSortingOrder', 'NoiseEffectData', 'CharacterShakeIntensity']
  ** Interesting MB: m_Name=
     Keys: ['DataVer', 'Lerp', 'AnimationCurve', 'EasingType', 'IsEnableClip', 'StartFrame', 'ClipLength', 'IsForceUpdate', '_isUpdateOverBlock', 'CharaId', 'SubCharaId', 'SubIconId', 'VoiceSheetId', 'CueId', 'UseVoiceSelector', 'Name', 'Text', 'Size', 'IsCustomFontStyle', 'OutlineSizeType', 'GradientColorType', 'OutlineColorType', 'NextBlock', 'DifferenceType', 'DifferenceFlag', 'IsTypewriteAnimation', 'WaitFrame', 'VoiceLength', 'Pan3dAngle', 'Type', 'IconMode', 'GainTypeOnExitLoop', 'ChoiceDataList', 'LoopCountSettingData', 'ColorTextInfoList', 'AdditionalGradientList', 'FeaturesFlag', 'EnableClipEndSpace', 'IsOverrideTypewriteSecond', 'OverrideTypewriteSecond', 'SingleChoiceAutoSelectDuration', 'ShowChoiceTextToComment']
  ** Interesting MB: m_Name=
     Keys: ['DataVer', 'Lerp', 'AnimationCurve', 'EasingType', 'IsEnableClip', 'StartFrame', 'ClipLength', 'IsForceUpdate', '_isUpdateOverBlock', 'Type', 'EffectColor', 'FrameColor', 'IsFadeOut', 'KeepWindow', 'ControlDspBusEffect', 'IsPlayMotionSe', 'ShowRecordingMark', 'Target', 'KeepShake', 'PictureFileId', 'PictureSequenceNumber', 'PicturePos', 'PictureSize', 'TelopTextureFileId', 'TelopSquenceNumber', 'UseTelopOffsetPos', 'TelopOffsetPos', 'SetTelopSize', 'TelopSize', 'TelopDefaultAnchor', 'TelopAnimationStartPos', 'TelopAnimationEndPos', 'TelopAnimationStartAngle', 'TelopAnimationEndAngle', 'TelopAnimationStartScale', 'TelopAnimationEndScale', 'TelopTransformCurve', 'TelopAnimationStartAlpha', 'TelopAnimationEndAlpha', 'TelopAlphaCurve', 'TelopIn', 'PlayTelopMoveAnimation', 'PlayTelopRotateAnimation', 'PlayTelopScaleAnimation', 'PlayTelopAlphaAnimation', 'TelopSortingOrder', 'NoiseEffectData', 'CharacterShakeIntensity']
  ** Interesting MB: m_Name=
     Keys: ['DataVer', 'Lerp', 'AnimationCurve', 'EasingType', 'IsEnableClip', 'StartFrame', 'ClipLength', 'IsForceUpdate', '_isUpdateOverBlock', 'CharaId', 'SubCharaId', 'SubIconId', 'VoiceSheetId', 'CueId', 'UseVoiceSelector', 'Name', 'Text', 'Size', 'IsCustomFontStyle', 'OutlineSizeType', 'GradientColorType', 'OutlineColorType', 'NextBlock', 'DifferenceType', 'DifferenceFlag', 'IsTypewriteAnimation', 'WaitFrame', 'VoiceLength', 'Pan3dAngle', 'Type', 'IconMode', 'GainTypeOnExitLoop', 'ChoiceDataList', 'LoopCountSettingData', 'ColorTextInfoList', 'AdditionalGradientList', 'FeaturesFlag', 'EnableClipEndSpace', 'IsOverrideTypewriteSecond', 'OverrideTypewriteSecond', 'SingleChoiceAutoSelectDuration', 'ShowChoiceTextToComment']
  ** Interesting MB: m_Name=
     Keys: ['DataVer', 'Lerp', 'AnimationCurve', 'EasingType', 'IsEnableClip', 'StartFrame', 'ClipLength', 'IsForceUpdate', '_isUpdateOverBlock', 'CharaId', 'SubCharaId', 'SubIconId', 'VoiceSheetId', 'CueId', 'UseVoiceSelector', 'Name', 'Text', 'Size', 'IsCustomFontStyle', 'OutlineSizeType', 'GradientColorType', 'OutlineColorType', 'NextBlock', 'DifferenceType', 'DifferenceFlag', 'IsTypewriteAnimation', 'WaitFrame', 'VoiceLength', 'Pan3dAngle', 'Type', 'IconMode', 'GainTypeOnExitLoop', 'ChoiceDataList', 'LoopCountSettingData', 'ColorTextInfoList', 'AdditionalGradientList', 'FeaturesFlag', 'EnableClipEndSpace', 'IsOverrideTypewriteSecond', 'OverrideTypewriteSecond', 'SingleChoiceAutoSelectDuration', 'ShowChoiceTextToComment']
  ** Interesting MB: m_Name=
     Keys: ['DataVer', 'Lerp', 'AnimationCurve', 'EasingType', 'IsEnableClip', 'StartFrame', 'ClipLength', 'IsForceUpdate', '_isUpdateOverBlock', 'Type', 'EffectColor', 'FrameColor', 'IsFadeOut', 'KeepWindow', 'ControlDspBusEffect', 'IsPlayMotionSe', 'ShowRecordingMark', 'Target', 'KeepShake', 'PictureFileId', 'PictureSequenceNumber', 'PicturePos', 'PictureSize', 'TelopTextureFileId', 'TelopSquenceNumber', 'UseTelopOffsetPos', 'TelopOffsetPos', 'SetTelopSize', 'TelopSize', 'TelopDefaultAnchor', 'TelopAnimationStartPos', 'TelopAnimationEndPos', 'TelopAnimationStartAngle', 'TelopAnimationEndAngle', 'TelopAnimationStartScale', 'TelopAnimationEndScale', 'TelopTransformCurve', 'TelopAnimationStartAlpha', 'TelopAnimationEndAlpha', 'TelopAlphaCurve', 'TelopIn', 'PlayTelopMoveAnimation', 'PlayTelopRotateAnimation', 'PlayTelopScaleAnimation', 'PlayTelopAlphaAnimation', 'TelopSortingOrder', 'NoiseEffectData', 'CharacterShakeIntensity']
  ** Interesting MB: m_Name=
     Keys: ['DataVer', 'Lerp', 'AnimationCurve', 'EasingType', 'IsEnableClip', 'StartFrame', 'ClipLength', 'IsForceUpdate', '_isUpdateOverBlock', 'CharaId', 'SubCharaId', 'SubIconId', 'VoiceSheetId', 'CueId', 'UseVoiceSelector', 'Name', 'Text', 'Size', 'IsCustomFontStyle', 'OutlineSizeType', 'GradientColorType', 'OutlineColorType', 'NextBlock', 'DifferenceType', 'DifferenceFlag', 'IsTypewriteAnimation', 'WaitFrame', 'VoiceLength', 'Pan3dAngle', 'Type', 'IconMode', 'GainTypeOnExitLoop', 'ChoiceDataList', 'LoopCountSettingData', 'ColorTextInfoList', 'AdditionalGradientList', 'FeaturesFlag', 'EnableClipEndSpace', 'IsOverrideTypewriteSecond', 'OverrideTypewriteSecond', 'SingleChoiceAutoSelectDuration', 'ShowChoiceTextToComment']
  ** Interesting MB: m_Name=
     Keys: ['DataVer', 'Lerp', 'AnimationCurve', 'EasingType', 'IsEnableClip', 'StartFrame', 'ClipLength', 'IsForceUpdate', '_isUpdateOverBlock', 'CharaId', 'SubCharaId', 'SubIconId', 'VoiceSheetId', 'CueId', 'UseVoiceSelector', 'Name', 'Text', 'Size', 'IsCustomFontStyle', 'OutlineSizeType', 'GradientColorType', 'OutlineColorType', 'NextBlock', 'DifferenceType', 'DifferenceFlag', 'IsTypewriteAnimation', 'WaitFrame', 'VoiceLength', 'Pan3dAngle', 'Type', 'IconMode', 'GainTypeOnExitLoop', 'ChoiceDataList', 'LoopCountSettingData', 'ColorTextInfoList', 'AdditionalGradientList', 'FeaturesFlag', 'EnableClipEndSpace', 'IsOverrideTypewriteSecond', 'OverrideTypewriteSecond', 'SingleChoiceAutoSelectDuration', 'ShowChoiceTextToComment']
  ** Interesting MB: m_Name=
     Keys: ['DataVer', 'Lerp', 'AnimationCurve', 'EasingType', 'IsEnableClip', 'StartFrame', 'ClipLength', 'IsForceUpdate', '_isUpdateOverBlock', 'CharaId', 'SubCharaId', 'SubIconId', 'VoiceSheetId', 'CueId', 'UseVoiceSelector', 'Name', 'Text', 'Size', 'IsCustomFontStyle', 'OutlineSizeType', 'GradientColorType', 'OutlineColorType', 'NextBlock', 'DifferenceType', 'DifferenceFlag', 'IsTypewriteAnimation', 'WaitFrame', 'VoiceLength', 'Pan3dAngle', 'Type', 'IconMode', 'GainTypeOnExitLoop', 'ChoiceDataList', 'LoopCountSettingData', 'ColorTextInfoList', 'AdditionalGradientList', 'FeaturesFlag', 'EnableClipEndSpace', 'IsOverrideTypewriteSecond', 'OverrideTypewriteSecond', 'SingleChoiceAutoSelectDuration', 'ShowChoiceTextToComment']
     _ChoiceDataList_item0_keys: ["Text", "NextBlock", "LoopExitNextBlock", "DifferenceType", "DifferenceFlag", "CharaIconId", "PropItemId"]
     _ChoiceDataList_item0: {"Text": "約束？", "NextBlock": 6, "LoopExitNextBlock": -1, "DifferenceType": 0, "DifferenceFlag": 0, "CharaIconId": 0, "PropItemId": 0}
  ChoiceDataList #0: 3 entries
    [0]: {"Text": "ここで全力を出さない方がいいぞ", "NextBlock": 9, "LoopExitNextBlock": -1, "DifferenceType": 1, "DifferenceFlag": 2, "CharaIconId": 0, "PropItemId": 0}
    [1]: {"Text": "ここで全力を出さない方がいいよ", "NextBlock": 9, "LoopExitNextBlock": -1, "DifferenceType": 2, "DifferenceFlag": 4, "CharaIconId": 0, "PropItemId": 0}
    [2]: {"Text": "急いで行ってあげて", "NextBlock": 13, "LoopExitNextBlock": -1, "DifferenceType": 0, "DifferenceFlag": 0, "CharaIconId": 0, "PropItemId": 0}
  ChoiceDataList #1: 3 entries
    [0]: {"Text": "ここで全力を出さない方がいいぞ", "NextBlock": 9, "LoopExitNextBlock": -1, "DifferenceType": 1, "DifferenceFlag": 2, "CharaIconId": 0, "PropItemId": 0}
    [1]: {"Text": "ここで全力を出さない方がいいよ", "NextBlock": 9, "LoopExitNextBlock": -1, "DifferenceType": 2, "DifferenceFlag": 4, "CharaIconId": 0, "PropItemId": 0}
    [2]: {"Text": "急いで行ってあげて", "NextBlock": 13, "LoopExitNextBlock": -1, "DifferenceType": 0, "DifferenceFlag": 0, "CharaIconId": 0, "PropItemId": 0}
  ChoiceDataList #2: 1 entries
    [0]: {"Text": "約束？", "NextBlock": 6, "LoopExitNextBlock": -1, "DifferenceType": 0, "DifferenceFlag": 0, "CharaIconId": 0, "PropItemId": 0}

--- Story 801001002 ---
  Objects: 220
  MonoBehaviours: 201
  ChoiceDataLists found: 3
  ** Interesting MB: m_Name=
     Keys: ['DataVer', 'Lerp', 'AnimationCurve', 'EasingType', 'IsEnableClip', 'StartFrame', 'ClipLength', 'IsForceUpdate', '_isUpdateOverBlock', 'CharaId', 'SubCharaId', 'SubIconId', 'VoiceSheetId', 'CueId', 'UseVoiceSelector', 'Name', 'Text', 'Size', 'IsCustomFontStyle', 'OutlineSizeType', 'GradientColorType', 'OutlineColorType', 'NextBlock', 'DifferenceType', 'DifferenceFlag', 'IsTypewriteAnimation', 'WaitFrame', 'VoiceLength', 'Pan3dAngle', 'Type', 'IconMode', 'GainTypeOnExitLoop', 'ChoiceDataList', 'LoopCountSettingData', 'ColorTextInfoList', 'AdditionalGradientList', 'FeaturesFlag', 'EnableClipEndSpace', 'IsOverrideTypewriteSecond', 'OverrideTypewriteSecond', 'SingleChoiceAutoSelectDuration', 'ShowChoiceTextToComment']
  ** Interesting MB: m_Name=
     Keys: ['DataVer', 'Lerp', 'AnimationCurve', 'EasingType', 'IsEnableClip', 'StartFrame', 'ClipLength', 'IsForceUpdate', '_isUpdateOverBlock', 'CharaId', 'SubCharaId', 'SubIconId', 'VoiceSheetId', 'CueId', 'UseVoiceSelector', 'Name', 'Text', 'Size', 'IsCustomFontStyle', 'OutlineSizeType', 'GradientColorType', 'OutlineColorType', 'NextBlock', 'DifferenceType', 'DifferenceFlag', 'IsTypewriteAnimation', 'WaitFrame', 'VoiceLength', 'Pan3dAngle', 'Type', 'IconMode', 'GainTypeOnExitLoop', 'ChoiceDataList', 'LoopCountSettingData', 'ColorTextInfoList', 'AdditionalGradientList', 'FeaturesFlag', 'EnableClipEndSpace', 'IsOverrideTypewriteSecond', 'OverrideTypewriteSecond', 'SingleChoiceAutoSelectDuration', 'ShowChoiceTextToComment']
  ** Interesting MB: m_Name=
     Keys: ['DataVer', 'Lerp', 'AnimationCurve', 'EasingType', 'IsEnableClip', 'StartFrame', 'ClipLength', 'IsForceUpdate', '_isUpdateOverBlock', 'CharaId', 'SubCharaId', 'SubIconId', 'VoiceSheetId', 'CueId', 'UseVoiceSelector', 'Name', 'Text', 'Size', 'IsCustomFontStyle', 'OutlineSizeType', 'GradientColorType', 'OutlineColorType', 'NextBlock', 'DifferenceType', 'DifferenceFlag', 'IsTypewriteAnimation', 'WaitFrame', 'VoiceLength', 'Pan3dAngle', 'Type', 'IconMode', 'GainTypeOnExitLoop', 'ChoiceDataList', 'LoopCountSettingData', 'ColorTextInfoList', 'AdditionalGradientList', 'FeaturesFlag', 'EnableClipEndSpace', 'IsOverrideTypewriteSecond', 'OverrideTypewriteSecond', 'SingleChoiceAutoSelectDuration', 'ShowChoiceTextToComment']
  ** Interesting MB: m_Name=
     Keys: ['DataVer', 'Lerp', 'AnimationCurve', 'EasingType', 'IsEnableClip', 'StartFrame', 'ClipLength', 'IsForceUpdate', '_isUpdateOverBlock', 'CharaId', 'SubCharaId', 'SubIconId', 'VoiceSheetId', 'CueId', 'UseVoiceSelector', 'Name', 'Text', 'Size', 'IsCustomFontStyle', 'OutlineSizeType', 'GradientColorType', 'OutlineColorType', 'NextBlock', 'DifferenceType', 'DifferenceFlag', 'IsTypewriteAnimation', 'WaitFrame', 'VoiceLength', 'Pan3dAngle', 'Type', 'IconMode', 'GainTypeOnExitLoop', 'ChoiceDataList', 'LoopCountSettingData', 'ColorTextInfoList', 'AdditionalGradientList', 'FeaturesFlag', 'EnableClipEndSpace', 'IsOverrideTypewriteSecond', 'OverrideTypewriteSecond', 'SingleChoiceAutoSelectDuration', 'ShowChoiceTextToComment']
     _ChoiceDataList_item0_keys: ["Text", "NextBlock", "LoopExitNextBlock", "DifferenceType", "DifferenceFlag", "CharaIconId", "PropItemId"]
     _ChoiceDataList_item0: {"Text": "なのなの？", "NextBlock": 3, "LoopExitNextBlock": -1, "DifferenceType": 0, "DifferenceFlag": 0, "CharaIconId": 0, "PropItemId": 0}
  ** Interesting MB: m_Name=
     Keys: ['DataVer', 'Lerp', 'AnimationCurve', 'EasingType', 'IsEnableClip', 'StartFrame', 'ClipLength', 'IsForceUpdate', '_isUpdateOverBlock', 'CharaId', 'SubCharaId', 'SubIconId', 'VoiceSheetId', 'CueId', 'UseVoiceSelector', 'Name', 'Text', 'Size', 'IsCustomFontStyle', 'OutlineSizeType', 'GradientColorType', 'OutlineColorType', 'NextBlock', 'DifferenceType', 'DifferenceFlag', 'IsTypewriteAnimation', 'WaitFrame', 'VoiceLength', 'Pan3dAngle', 'Type', 'IconMode', 'GainTypeOnExitLoop', 'ChoiceDataList', 'LoopCountSettingData', 'ColorTextInfoList', 'AdditionalGradientList', 'FeaturesFlag', 'EnableClipEndSpace', 'IsOverrideTypewriteSecond', 'OverrideTypewriteSecond', 'SingleChoiceAutoSelectDuration', 'ShowChoiceTextToComment']
  ** Interesting MB: m_Name=
     Keys: ['DataVer', 'Lerp', 'AnimationCurve', 'EasingType', 'IsEnableClip', 'StartFrame', 'ClipLength', 'IsForceUpdate', '_isUpdateOverBlock', 'CharaId', 'SubCharaId', 'SubIconId', 'VoiceSheetId', 'CueId', 'UseVoiceSelector', 'Name', 'Text', 'Size', 'IsCustomFontStyle', 'OutlineSizeType', 'GradientColorType', 'OutlineColorType', 'NextBlock', 'DifferenceType', 'DifferenceFlag', 'IsTypewriteAnimation', 'WaitFrame', 'VoiceLength', 'Pan3dAngle', 'Type', 'IconMode', 'GainTypeOnExitLoop', 'ChoiceDataList', 'LoopCountSettingData', 'ColorTextInfoList', 'AdditionalGradientList', 'FeaturesFlag', 'EnableClipEndSpace', 'IsOverrideTypewriteSecond', 'OverrideTypewriteSecond', 'SingleChoiceAutoSelectDuration', 'ShowChoiceTextToComment']
  ** Interesting MB: m_Name=
     Keys: ['DataVer', 'Lerp', 'AnimationCurve', 'EasingType', 'IsEnableClip', 'StartFrame', 'ClipLength', 'IsForceUpdate', '_isUpdateOverBlock', 'CharaId', 'SubCharaId', 'SubIconId', 'VoiceSheetId', 'CueId', 'UseVoiceSelector', 'Name', 'Text', 'Size', 'IsCustomFontStyle', 'OutlineSizeType', 'GradientColorType', 'OutlineColorType', 'NextBlock', 'DifferenceType', 'DifferenceFlag', 'IsTypewriteAnimation', 'WaitFrame', 'VoiceLength', 'Pan3dAngle', 'Type', 'IconMode', 'GainTypeOnExitLoop', 'ChoiceDataList', 'LoopCountSettingData', 'ColorTextInfoList', 'AdditionalGradientList', 'FeaturesFlag', 'EnableClipEndSpace', 'IsOverrideTypewriteSecond', 'OverrideTypewriteSecond', 'SingleChoiceAutoSelectDuration', 'ShowChoiceTextToComment']
     _ChoiceDataList_item0_keys: ["Text", "NextBlock", "LoopExitNextBlock", "DifferenceType", "DifferenceFlag", "CharaIconId", "PropItemId"]
     _ChoiceDataList_item0: {"Text": "美味しいものを食べるべきだ", "NextBlock": 10, "LoopExitNextBlock": -1, "DifferenceType": 1, "DifferenceFlag": 2, "CharaIconId": 0, "PropItemId": 0}
  ** Interesting MB: m_Name=
     Keys: ['DataVer', 'Lerp', 'AnimationCurve', 'EasingType', 'IsEnableClip', 'StartFrame', 'ClipLength', 'IsForceUpdate', '_isUpdateOverBlock', 'CharaId', 'SubCharaId', 'SubIconId', 'VoiceSheetId', 'CueId', 'UseVoiceSelector', 'Name', 'Text', 'Size', 'IsCustomFontStyle', 'OutlineSizeType', 'GradientColorType', 'OutlineColorType', 'NextBlock', 'DifferenceType', 'DifferenceFlag', 'IsTypewriteAnimation', 'WaitFrame', 'VoiceLength', 'Pan3dAngle', 'Type', 'IconMode', 'GainTypeOnExitLoop', 'ChoiceDataList', 'LoopCountSettingData', 'ColorTextInfoList', 'AdditionalGradientList', 'FeaturesFlag', 'EnableClipEndSpace', 'IsOverrideTypewriteSecond', 'OverrideTypewriteSecond', 'SingleChoiceAutoSelectDuration', 'ShowChoiceTextToComment']
  ** Interesting MB: m_Name=
     Keys: ['DataVer', 'Lerp', 'AnimationCurve', 'EasingType', 'IsEnableClip', 'StartFrame', 'ClipLength', 'IsForceUpdate', '_isUpdateOverBlock', 'CharaId', 'SubCharaId', 'SubIconId', 'VoiceSheetId', 'CueId', 'UseVoiceSelector', 'Name', 'Text', 'Size', 'IsCustomFontStyle', 'OutlineSizeType', 'GradientColorType', 'OutlineColorType', 'NextBlock', 'DifferenceType', 'DifferenceFlag', 'IsTypewriteAnimation', 'WaitFrame', 'VoiceLength', 'Pan3dAngle', 'Type', 'IconMode', 'GainTypeOnExitLoop', 'ChoiceDataList', 'LoopCountSettingData', 'ColorTextInfoList', 'AdditionalGradientList', 'FeaturesFlag', 'EnableClipEndSpace', 'IsOverrideTypewriteSecond', 'OverrideTypewriteSecond', 'SingleChoiceAutoSelectDuration', 'ShowChoiceTextToComment']
  ** Interesting MB: m_Name=
     Keys: ['DataVer', 'Lerp', 'AnimationCurve', 'EasingType', 'IsEnableClip', 'StartFrame', 'ClipLength', 'IsForceUpdate', '_isUpdateOverBlock', 'CharaId', 'SubCharaId', 'SubIconId', 'VoiceSheetId', 'CueId', 'UseVoiceSelector', 'Name', 'Text', 'Size', 'IsCustomFontStyle', 'OutlineSizeType', 'GradientColorType', 'OutlineColorType', 'NextBlock', 'DifferenceType', 'DifferenceFlag', 'IsTypewriteAnimation', 'WaitFrame', 'VoiceLength', 'Pan3dAngle', 'Type', 'IconMode', 'GainTypeOnExitLoop', 'ChoiceDataList', 'LoopCountSettingData', 'ColorTextInfoList', 'AdditionalGradientList', 'FeaturesFlag', 'EnableClipEndSpace', 'IsOverrideTypewriteSecond', 'OverrideTypewriteSecond', 'SingleChoiceAutoSelectDuration', 'ShowChoiceTextToComment']
  ** Interesting MB: m_Name=
     Keys: ['DataVer', 'Lerp', 'AnimationCurve', 'EasingType', 'IsEnableClip', 'StartFrame', 'ClipLength', 'IsForceUpdate', '_isUpdateOverBlock', 'CharaId', 'SubCharaId', 'SubIconId', 'VoiceSheetId', 'CueId', 'UseVoiceSelector', 'Name', 'Text', 'Size', 'IsCustomFontStyle', 'OutlineSizeType', 'GradientColorType', 'OutlineColorType', 'NextBlock', 'DifferenceType', 'DifferenceFlag', 'IsTypewriteAnimation', 'WaitFrame', 'VoiceLength', 'Pan3dAngle', 'Type', 'IconMode', 'GainTypeOnExitLoop', 'ChoiceDataList', 'LoopCountSettingData', 'ColorTextInfoList', 'AdditionalGradientList', 'FeaturesFlag', 'EnableClipEndSpace', 'IsOverrideTypewriteSecond', 'OverrideTypewriteSecond', 'SingleChoiceAutoSelectDuration', 'ShowChoiceTextToComment']
  ** Interesting MB: m_Name=
     Keys: ['DataVer', 'Lerp', 'AnimationCurve', 'EasingType', 'IsEnableClip', 'StartFrame', 'ClipLength', 'IsForceUpdate', '_isUpdateOverBlock', 'CharaId', 'SubCharaId', 'SubIconId', 'VoiceSheetId', 'CueId', 'UseVoiceSelector', 'Name', 'Text', 'Size', 'IsCustomFontStyle', 'OutlineSizeType', 'GradientColorType', 'OutlineColorType', 'NextBlock', 'DifferenceType', 'DifferenceFlag', 'IsTypewriteAnimation', 'WaitFrame', 'VoiceLength', 'Pan3dAngle', 'Type', 'IconMode', 'GainTypeOnExitLoop', 'ChoiceDataList', 'LoopCountSettingData', 'ColorTextInfoList', 'AdditionalGradientList', 'FeaturesFlag', 'EnableClipEndSpace', 'IsOverrideTypewriteSecond', 'OverrideTypewriteSecond', 'SingleChoiceAutoSelectDuration', 'ShowChoiceTextToComment']
  ** Interesting MB: m_Name=
     Keys: ['DataVer', 'Lerp', 'AnimationCurve', 'EasingType', 'IsEnableClip', 'StartFrame', 'ClipLength', 'IsForceUpdate', '_isUpdateOverBlock', 'CharaId', 'SubCharaId', 'SubIconId', 'VoiceSheetId', 'CueId', 'UseVoiceSelector', 'Name', 'Text', 'Size', 'IsCustomFontStyle', 'OutlineSizeType', 'GradientColorType', 'OutlineColorType', 'NextBlock', 'DifferenceType', 'DifferenceFlag', 'IsTypewriteAnimation', 'WaitFrame', 'VoiceLength', 'Pan3dAngle', 'Type', 'IconMode', 'GainTypeOnExitLoop', 'ChoiceDataList', 'LoopCountSettingData', 'ColorTextInfoList', 'AdditionalGradientList', 'FeaturesFlag', 'EnableClipEndSpace', 'IsOverrideTypewriteSecond', 'OverrideTypewriteSecond', 'SingleChoiceAutoSelectDuration', 'ShowChoiceTextToComment']
  ** Interesting MB: m_Name=
     Keys: ['DataVer', 'Lerp', 'AnimationCurve', 'EasingType', 'IsEnableClip', 'StartFrame', 'ClipLength', 'IsForceUpdate', '_isUpdateOverBlock', 'CueName', 'CueSheetName', 'FadeInTime', 'FadeOutTime', 'IsPlay', 'IgnoreAutoCrossFade', 'ForceIgnoreAutoCrossFade', 'IsPlaySingleModeBgm', 'FadeCurveId', 'BgmStartTimeOffset', 'IsChangeSelectorEnabled', 'SelectorLabel']
  ** Interesting MB: m_Name=
     Keys: ['DataVer', 'Lerp', 'AnimationCurve', 'EasingType', 'IsEnableClip', 'StartFrame', 'ClipLength', 'IsForceUpdate', '_isUpdateOverBlock', 'Type', 'EffectColor', 'FrameColor', 'IsFadeOut', 'KeepWindow', 'ControlDspBusEffect', 'IsPlayMotionSe', 'ShowRecordingMark', 'Target', 'KeepShake', 'PictureFileId', 'PictureSequenceNumber', 'PicturePos', 'PictureSize', 'TelopTextureFileId', 'TelopSquenceNumber', 'UseTelopOffsetPos', 'TelopOffsetPos', 'SetTelopSize', 'TelopSize', 'TelopDefaultAnchor', 'TelopAnimationStartPos', 'TelopAnimationEndPos', 'TelopAnimationStartAngle', 'TelopAnimationEndAngle', 'TelopAnimationStartScale', 'TelopAnimationEndScale', 'TelopTransformCurve', 'TelopAnimationStartAlpha', 'TelopAnimationEndAlpha', 'TelopAlphaCurve', 'TelopIn', 'PlayTelopMoveAnimation', 'PlayTelopRotateAnimation', 'PlayTelopScaleAnimation', 'PlayTelopAlphaAnimation', 'TelopSortingOrder', 'NoiseEffectData', 'CharacterShakeIntensity']
  ** Interesting MB: m_Name=
     Keys: ['DataVer', 'Lerp', 'AnimationCurve', 'EasingType', 'IsEnableClip', 'StartFrame', 'ClipLength', 'IsForceUpdate', '_isUpdateOverBlock', 'CharaId', 'SubCharaId', 'SubIconId', 'VoiceSheetId', 'CueId', 'UseVoiceSelector', 'Name', 'Text', 'Size', 'IsCustomFontStyle', 'OutlineSizeType', 'GradientColorType', 'OutlineColorType', 'NextBlock', 'DifferenceType', 'DifferenceFlag', 'IsTypewriteAnimation', 'WaitFrame', 'VoiceLength', 'Pan3dAngle', 'Type', 'IconMode', 'GainTypeOnExitLoop', 'ChoiceDataList', 'LoopCountSettingData', 'ColorTextInfoList', 'AdditionalGradientList', 'FeaturesFlag', 'EnableClipEndSpace', 'IsOverrideTypewriteSecond', 'OverrideTypewriteSecond', 'SingleChoiceAutoSelectDuration', 'ShowChoiceTextToComment']
  ** Interesting MB: m_Name=
     Keys: ['DataVer', 'Lerp', 'AnimationCurve', 'EasingType', 'IsEnableClip', 'StartFrame', 'ClipLength', 'IsForceUpdate', '_isUpdateOverBlock', 'CharaId', 'SubCharaId', 'SubIconId', 'VoiceSheetId', 'CueId', 'UseVoiceSelector', 'Name', 'Text', 'Size', 'IsCustomFontStyle', 'OutlineSizeType', 'GradientColorType', 'OutlineColorType', 'NextBlock', 'DifferenceType', 'DifferenceFlag', 'IsTypewriteAnimation', 'WaitFrame', 'VoiceLength', 'Pan3dAngle', 'Type', 'IconMode', 'GainTypeOnExitLoop', 'ChoiceDataList', 'LoopCountSettingData', 'ColorTextInfoList', 'AdditionalGradientList', 'FeaturesFlag', 'EnableClipEndSpace', 'IsOverrideTypewriteSecond', 'OverrideTypewriteSecond', 'SingleChoiceAutoSelectDuration', 'ShowChoiceTextToComment']
  ** Interesting MB: m_Name=
     Keys: ['DataVer', 'Lerp', 'AnimationCurve', 'EasingType', 'IsEnableClip', 'StartFrame', 'ClipLength', 'IsForceUpdate', '_isUpdateOverBlock', 'CharaId', 'SubCharaId', 'SubIconId', 'VoiceSheetId', 'CueId', 'UseVoiceSelector', 'Name', 'Text', 'Size', 'IsCustomFontStyle', 'OutlineSizeType', 'GradientColorType', 'OutlineColorType', 'NextBlock', 'DifferenceType', 'DifferenceFlag', 'IsTypewriteAnimation', 'WaitFrame', 'VoiceLength', 'Pan3dAngle', 'Type', 'IconMode', 'GainTypeOnExitLoop', 'ChoiceDataList', 'LoopCountSettingData', 'ColorTextInfoList', 'AdditionalGradientList', 'FeaturesFlag', 'EnableClipEndSpace', 'IsOverrideTypewriteSecond', 'OverrideTypewriteSecond', 'SingleChoiceAutoSelectDuration', 'ShowChoiceTextToComment']
     _ChoiceDataList_item0_keys: ["Text", "NextBlock", "LoopExitNextBlock", "DifferenceType", "DifferenceFlag", "CharaIconId", "PropItemId"]
     _ChoiceDataList_item0: {"Text": "美味しいものを食べるべきだ", "NextBlock": 10, "LoopExitNextBlock": -1, "DifferenceType": 1, "DifferenceFlag": 2, "CharaIconId": 0, "PropItemId": 0}
  ** Interesting MB: m_Name=
     Keys: ['DataVer', 'Lerp', 'AnimationCurve', 'EasingType', 'IsEnableClip', 'StartFrame', 'ClipLength', 'IsForceUpdate', '_isUpdateOverBlock', 'CharaId', 'SubCharaId', 'SubIconId', 'VoiceSheetId', 'CueId', 'UseVoiceSelector', 'Name', 'Text', 'Size', 'IsCustomFontStyle', 'OutlineSizeType', 'GradientColorType', 'OutlineColorType', 'NextBlock', 'DifferenceType', 'DifferenceFlag', 'IsTypewriteAnimation', 'WaitFrame', 'VoiceLength', 'Pan3dAngle', 'Type', 'IconMode', 'GainTypeOnExitLoop', 'ChoiceDataList', 'LoopCountSettingData', 'ColorTextInfoList', 'AdditionalGradientList', 'FeaturesFlag', 'EnableClipEndSpace', 'IsOverrideTypewriteSecond', 'OverrideTypewriteSecond', 'SingleChoiceAutoSelectDuration', 'ShowChoiceTextToComment']
  ** Interesting MB: m_Name=
     Keys: ['DataVer', 'Lerp', 'AnimationCurve', 'EasingType', 'IsEnableClip', 'StartFrame', 'ClipLength', 'IsForceUpdate', '_isUpdateOverBlock', 'CharaId', 'SubCharaId', 'SubIconId', 'VoiceSheetId', 'CueId', 'UseVoiceSelector', 'Name', 'Text', 'Size', 'IsCustomFontStyle', 'OutlineSizeType', 'GradientColorType', 'OutlineColorType', 'NextBlock', 'DifferenceType', 'DifferenceFlag', 'IsTypewriteAnimation', 'WaitFrame', 'VoiceLength', 'Pan3dAngle', 'Type', 'IconMode', 'GainTypeOnExitLoop', 'ChoiceDataList', 'LoopCountSettingData', 'ColorTextInfoList', 'AdditionalGradientList', 'FeaturesFlag', 'EnableClipEndSpace', 'IsOverrideTypewriteSecond', 'OverrideTypewriteSecond', 'SingleChoiceAutoSelectDuration', 'ShowChoiceTextToComment']
  ** Interesting MB: m_Name=
     Keys: ['DataVer', 'Lerp', 'AnimationCurve', 'EasingType', 'IsEnableClip', 'StartFrame', 'ClipLength', 'IsForceUpdate', '_isUpdateOverBlock', 'PresetType', 'SelectCameraAnimation', 'CustomCameraAnimation', 'ManualCameraParameter', 'MotionCameraParameter', 'PresetCameraParameter', 'IsCustumNearFar', 'NearPlane', 'FarPlane', 'AspectCorrectionType', 'VerticalBgAspectOffset', 'VerticalOffsetPosition', 'VerticalOffsetRotation', 'HorizontalBgAspectOffset', 'HorizontalOffsetPosition', 'HorizontalOffsetRotation', 'CharaScaleEnabled', 'CharaPosYEnabled', 'BasePosition', 'IsUseNewEvaluate', 'IsAddWaitingTime']
  ChoiceDataList #0: 1 entries
    [0]: {"Text": "なのなの？", "NextBlock": 3, "LoopExitNextBlock": -1, "DifferenceType": 0, "DifferenceFlag": 0, "CharaIconId": 0, "PropItemId": 0}
  ChoiceDataList #1: 3 entries
    [0]: {"Text": "美味しいものを食べるべきだ", "NextBlock": 10, "LoopExitNextBlock": -1, "DifferenceType": 1, "DifferenceFlag": 2, "CharaIconId": 0, "PropItemId": 0}
    [1]: {"Text": "美味しいものを食べるべき", "NextBlock": 10, "LoopExitNextBlock": -1, "DifferenceType": 2, "DifferenceFlag": 4, "CharaIconId": 0, "PropItemId": 0}
    [2]: {"Text": "思いついたところ全部に行こう！", "NextBlock": 13, "LoopExitNextBlock": -1, "DifferenceType": 0, "DifferenceFlag": 0, "CharaIconId": 0, "PropItemId": 0}
  ChoiceDataList #2: 3 entries
    [0]: {"Text": "美味しいものを食べるべきだ", "NextBlock": 10, "LoopExitNextBlock": -1, "DifferenceType": 1, "DifferenceFlag": 2, "CharaIconId": 0, "PropItemId": 0}
    [1]: {"Text": "美味しいものを食べるべき", "NextBlock": 10, "LoopExitNextBlock": -1, "DifferenceType": 2, "DifferenceFlag": 4, "CharaIconId": 0, "PropItemId": 0}
    [2]: {"Text": "思いついたところ全部に行こう！", "NextBlock": 13, "LoopExitNextBlock": -1, "DifferenceType": 0, "DifferenceFlag": 0, "CharaIconId": 0, "PropItemId": 0}

--- Story 830289001 ---
  Objects: 946
  MonoBehaviours: 924
  ChoiceDataLists found: 4
  ** Interesting MB: m_Name=
     Keys: ['DataVer', 'Lerp', 'AnimationCurve', 'EasingType', 'IsEnableClip', 'StartFrame', 'ClipLength', 'IsForceUpdate', '_isUpdateOverBlock', 'CharaId', 'SubCharaId', 'ForceCharaIconId', 'SubIconId', 'VoiceSheetId', 'VoiceSubSheetId', 'CueId', 'UseVoiceSelector', 'Name', 'Text', 'Size', 'IsCustomFontStyle', 'OutlineSizeType', 'GradientColorType', 'OutlineColorType', 'NextBlock', 'DifferenceType', 'DifferenceFlag', 'IsTypewriteAnimation', 'WaitFrame', 'VoiceLength', 'Pan3dAngle', 'Type', 'IconMode', 'GainTypeOnExitLoop', 'ChoiceDataList', 'LoopCountSettingData', 'ColorTextInfoList', 'AdditionalGradientList', 'FeaturesFlag', 'EnableClipEndSpace', 'IsOverrideTypewriteSecond', 'OverrideTypewriteSecond', 'SingleChoiceAutoSelectDuration', 'ShowChoiceTextToComment']
  ** Interesting MB: m_Name=
     Keys: ['DataVer', 'Lerp', 'AnimationCurve', 'EasingType', 'IsEnableClip', 'StartFrame', 'ClipLength', 'IsForceUpdate', '_isUpdateOverBlock', 'CharaId', 'SubCharaId', 'ForceCharaIconId', 'SubIconId', 'VoiceSheetId', 'VoiceSubSheetId', 'CueId', 'UseVoiceSelector', 'Name', 'Text', 'Size', 'IsCustomFontStyle', 'OutlineSizeType', 'GradientColorType', 'OutlineColorType', 'NextBlock', 'DifferenceType', 'DifferenceFlag', 'IsTypewriteAnimation', 'WaitFrame', 'VoiceLength', 'Pan3dAngle', 'Type', 'IconMode', 'GainTypeOnExitLoop', 'ChoiceDataList', 'LoopCountSettingData', 'ColorTextInfoList', 'AdditionalGradientList', 'FeaturesFlag', 'EnableClipEndSpace', 'IsOverrideTypewriteSecond', 'OverrideTypewriteSecond', 'SingleChoiceAutoSelectDuration', 'ShowChoiceTextToComment']
     _ChoiceDataList_item0_keys: ["Text", "NextBlock", "LoopExitNextBlock", "DifferenceType", "DifferenceFlag", "CharaIconId", "PropItemId"]
     _ChoiceDataList_item0: {"Text": "行動力すごいね！？", "NextBlock": 31, "LoopExitNextBlock": -1, "DifferenceType": 0, "DifferenceFlag": 0, "CharaIconId": 0, "PropItemId": 0}
  ** Interesting MB: m_Name=
     Keys: ['DataVer', 'Lerp', 'AnimationCurve', 'EasingType', 'IsEnableClip', 'StartFrame', 'ClipLength', 'IsForceUpdate', '_isUpdateOverBlock', 'CharaId', 'SubCharaId', 'ForceCharaIconId', 'SubIconId', 'VoiceSheetId', 'VoiceSubSheetId', 'CueId', 'UseVoiceSelector', 'Name', 'Text', 'Size', 'IsCustomFontStyle', 'OutlineSizeType', 'GradientColorType', 'OutlineColorType', 'NextBlock', 'DifferenceType', 'DifferenceFlag', 'IsTypewriteAnimation', 'WaitFrame', 'VoiceLength', 'Pan3dAngle', 'Type', 'IconMode', 'GainTypeOnExitLoop', 'ChoiceDataList', 'LoopCountSettingData', 'ColorTextInfoList', 'AdditionalGradientList', 'FeaturesFlag', 'EnableClipEndSpace', 'IsOverrideTypewriteSecond', 'OverrideTypewriteSecond', 'SingleChoiceAutoSelectDuration', 'ShowChoiceTextToComment']
  ** Interesting MB: m_Name=
     Keys: ['DataVer', 'Lerp', 'AnimationCurve', 'EasingType', 'IsEnableClip', 'StartFrame', 'ClipLength', 'IsForceUpdate', '_isUpdateOverBlock', 'CharaId', 'SubCharaId', 'ForceCharaIconId', 'SubIconId', 'VoiceSheetId', 'VoiceSubSheetId', 'CueId', 'UseVoiceSelector', 'Name', 'Text', 'Size', 'IsCustomFontStyle', 'OutlineSizeType', 'GradientColorType', 'OutlineColorType', 'NextBlock', 'DifferenceType', 'DifferenceFlag', 'IsTypewriteAnimation', 'WaitFrame', 'VoiceLength', 'Pan3dAngle', 'Type', 'IconMode', 'GainTypeOnExitLoop', 'ChoiceDataList', 'LoopCountSettingData', 'ColorTextInfoList', 'AdditionalGradientList', 'FeaturesFlag', 'EnableClipEndSpace', 'IsOverrideTypewriteSecond', 'OverrideTypewriteSecond', 'SingleChoiceAutoSelectDuration', 'ShowChoiceTextToComment']
  ** Interesting MB: m_Name=
     Keys: ['DataVer', 'Lerp', 'AnimationCurve', 'EasingType', 'IsEnableClip', 'StartFrame', 'ClipLength', 'IsForceUpdate', '_isUpdateOverBlock', 'CueName', 'CueSheetName', 'FadeInTime', 'FadeOutTime', 'IsPlay', 'IgnoreAutoCrossFade', 'ForceIgnoreAutoCrossFade', 'IsPlaySingleModeBgm', 'FadeCurveId', 'BgmStartTimeOffset', 'IsChangeSelectorEnabled', 'SelectorLabel']
  ** Interesting MB: m_Name=
     Keys: ['DataVer', 'Lerp', 'AnimationCurve', 'EasingType', 'IsEnableClip', 'StartFrame', 'ClipLength', 'IsForceUpdate', '_isUpdateOverBlock', 'CharaId', 'SubCharaId', 'ForceCharaIconId', 'SubIconId', 'VoiceSheetId', 'VoiceSubSheetId', 'CueId', 'UseVoiceSelector', 'Name', 'Text', 'Size', 'IsCustomFontStyle', 'OutlineSizeType', 'GradientColorType', 'OutlineColorType', 'NextBlock', 'DifferenceType', 'DifferenceFlag', 'IsTypewriteAnimation', 'WaitFrame', 'VoiceLength', 'Pan3dAngle', 'Type', 'IconMode', 'GainTypeOnExitLoop', 'ChoiceDataList', 'LoopCountSettingData', 'ColorTextInfoList', 'AdditionalGradientList', 'FeaturesFlag', 'EnableClipEndSpace', 'IsOverrideTypewriteSecond', 'OverrideTypewriteSecond', 'SingleChoiceAutoSelectDuration', 'ShowChoiceTextToComment']
  ** Interesting MB: m_Name=
     Keys: ['DataVer', 'Lerp', 'AnimationCurve', 'EasingType', 'IsEnableClip', 'StartFrame', 'ClipLength', 'IsForceUpdate', '_isUpdateOverBlock', 'Type', 'EffectColor', 'FrameColor', 'IsFadeOut', 'KeepWindow', 'ControlDspBusEffect', 'IsPlayMotionSe', 'ShowRecordingMark', 'Target', 'KeepShake', 'PictureFileId', 'PictureSequenceNumber', 'PicturePos', 'PictureSize', 'TelopTextureFileId', 'TelopSquenceNumber', 'UseTelopOffsetPos', 'TelopOffsetPos', 'SetTelopSize', 'TelopSize', 'TelopDefaultAnchor', 'TelopAnimationStartPos', 'TelopAnimationEndPos', 'TelopAnimationStartAngle', 'TelopAnimationEndAngle', 'TelopAnimationStartScale', 'TelopAnimationEndScale', 'TelopTransformCurve', 'TelopAnimationStartAlpha', 'TelopAnimationEndAlpha', 'TelopAlphaCurve', 'TelopIn', 'PlayTelopMoveAnimation', 'PlayTelopRotateAnimation', 'PlayTelopScaleAnimation', 'PlayTelopAlphaAnimation', 'TelopSortingOrder', 'NoiseEffectData', 'CharacterShakeIntensity']
  ** Interesting MB: m_Name=
     Keys: ['DataVer', 'Lerp', 'AnimationCurve', 'EasingType', 'IsEnableClip', 'StartFrame', 'ClipLength', 'IsForceUpdate', '_isUpdateOverBlock', 'CharaId', 'SubCharaId', 'ForceCharaIconId', 'SubIconId', 'VoiceSheetId', 'VoiceSubSheetId', 'CueId', 'UseVoiceSelector', 'Name', 'Text', 'Size', 'IsCustomFontStyle', 'OutlineSizeType', 'GradientColorType', 'OutlineColorType', 'NextBlock', 'DifferenceType', 'DifferenceFlag', 'IsTypewriteAnimation', 'WaitFrame', 'VoiceLength', 'Pan3dAngle', 'Type', 'IconMode', 'GainTypeOnExitLoop', 'ChoiceDataList', 'LoopCountSettingData', 'ColorTextInfoList', 'AdditionalGradientList', 'FeaturesFlag', 'EnableClipEndSpace', 'IsOverrideTypewriteSecond', 'OverrideTypewriteSecond', 'SingleChoiceAutoSelectDuration', 'ShowChoiceTextToComment']
  ** Interesting MB: m_Name=
     Keys: ['DataVer', 'Lerp', 'AnimationCurve', 'EasingType', 'IsEnableClip', 'StartFrame', 'ClipLength', 'IsForceUpdate', '_isUpdateOverBlock', 'CharaId', 'SubCharaId', 'ForceCharaIconId', 'SubIconId', 'VoiceSheetId', 'VoiceSubSheetId', 'CueId', 'UseVoiceSelector', 'Name', 'Text', 'Size', 'IsCustomFontStyle', 'OutlineSizeType', 'GradientColorType', 'OutlineColorType', 'NextBlock', 'DifferenceType', 'DifferenceFlag', 'IsTypewriteAnimation', 'WaitFrame', 'VoiceLength', 'Pan3dAngle', 'Type', 'IconMode', 'GainTypeOnExitLoop', 'ChoiceDataList', 'LoopCountSettingData', 'ColorTextInfoList', 'AdditionalGradientList', 'FeaturesFlag', 'EnableClipEndSpace', 'IsOverrideTypewriteSecond', 'OverrideTypewriteSecond', 'SingleChoiceAutoSelectDuration', 'ShowChoiceTextToComment']
  ** Interesting MB: m_Name=
     Keys: ['DataVer', 'Lerp', 'AnimationCurve', 'EasingType', 'IsEnableClip', 'StartFrame', 'ClipLength', 'IsForceUpdate', '_isUpdateOverBlock', 'CueName', 'CueSheetName', 'FadeInTime', 'FadeOutTime', 'IsPlay', 'IgnoreAutoCrossFade', 'ForceIgnoreAutoCrossFade', 'IsPlaySingleModeBgm', 'FadeCurveId', 'BgmStartTimeOffset', 'IsChangeSelectorEnabled', 'SelectorLabel']
  ** Interesting MB: m_Name=
     Keys: ['DataVer', 'Lerp', 'AnimationCurve', 'EasingType', 'IsEnableClip', 'StartFrame', 'ClipLength', 'IsForceUpdate', '_isUpdateOverBlock', 'CharaId', 'SubCharaId', 'ForceCharaIconId', 'SubIconId', 'VoiceSheetId', 'VoiceSubSheetId', 'CueId', 'UseVoiceSelector', 'Name', 'Text', 'Size', 'IsCustomFontStyle', 'OutlineSizeType', 'GradientColorType', 'OutlineColorType', 'NextBlock', 'DifferenceType', 'DifferenceFlag', 'IsTypewriteAnimation', 'WaitFrame', 'VoiceLength', 'Pan3dAngle', 'Type', 'IconMode', 'GainTypeOnExitLoop', 'ChoiceDataList', 'LoopCountSettingData', 'ColorTextInfoList', 'AdditionalGradientList', 'FeaturesFlag', 'EnableClipEndSpace', 'IsOverrideTypewriteSecond', 'OverrideTypewriteSecond', 'SingleChoiceAutoSelectDuration', 'ShowChoiceTextToComment']
  ** Interesting MB: m_Name=
     Keys: ['DataVer', 'Lerp', 'AnimationCurve', 'EasingType', 'IsEnableClip', 'StartFrame', 'ClipLength', 'IsForceUpdate', '_isUpdateOverBlock', 'CueName', 'CueSheetName', 'FadeInTime', 'FadeOutTime', 'IsPlay', 'IgnoreAutoCrossFade', 'ForceIgnoreAutoCrossFade', 'IsPlaySingleModeBgm', 'FadeCurveId', 'BgmStartTimeOffset', 'IsChangeSelectorEnabled', 'SelectorLabel']
  ** Interesting MB: m_Name=
     Keys: ['DataVer', 'Lerp', 'AnimationCurve', 'EasingType', 'IsEnableClip', 'StartFrame', 'ClipLength', 'IsForceUpdate', '_isUpdateOverBlock', 'CharaId', 'SubCharaId', 'ForceCharaIconId', 'SubIconId', 'VoiceSheetId', 'VoiceSubSheetId', 'CueId', 'UseVoiceSelector', 'Name', 'Text', 'Size', 'IsCustomFontStyle', 'OutlineSizeType', 'GradientColorType', 'OutlineColorType', 'NextBlock', 'DifferenceType', 'DifferenceFlag', 'IsTypewriteAnimation', 'WaitFrame', 'VoiceLength', 'Pan3dAngle', 'Type', 'IconMode', 'GainTypeOnExitLoop', 'ChoiceDataList', 'LoopCountSettingData', 'ColorTextInfoList', 'AdditionalGradientList', 'FeaturesFlag', 'EnableClipEndSpace', 'IsOverrideTypewriteSecond', 'OverrideTypewriteSecond', 'SingleChoiceAutoSelectDuration', 'ShowChoiceTextToComment']
  ** Interesting MB: m_Name=
     Keys: ['DataVer', 'Lerp', 'AnimationCurve', 'EasingType', 'IsEnableClip', 'StartFrame', 'ClipLength', 'IsForceUpdate', '_isUpdateOverBlock', 'CharaId', 'SubCharaId', 'ForceCharaIconId', 'SubIconId', 'VoiceSheetId', 'VoiceSubSheetId', 'CueId', 'UseVoiceSelector', 'Name', 'Text', 'Size', 'IsCustomFontStyle', 'OutlineSizeType', 'GradientColorType', 'OutlineColorType', 'NextBlock', 'DifferenceType', 'DifferenceFlag', 'IsTypewriteAnimation', 'WaitFrame', 'VoiceLength', 'Pan3dAngle', 'Type', 'IconMode', 'GainTypeOnExitLoop', 'ChoiceDataList', 'LoopCountSettingData', 'ColorTextInfoList', 'AdditionalGradientList', 'FeaturesFlag', 'EnableClipEndSpace', 'IsOverrideTypewriteSecond', 'OverrideTypewriteSecond', 'SingleChoiceAutoSelectDuration', 'ShowChoiceTextToComment']
  ** Interesting MB: m_Name=
     Keys: ['DataVer', 'Lerp', 'AnimationCurve', 'EasingType', 'IsEnableClip', 'StartFrame', 'ClipLength', 'IsForceUpdate', '_isUpdateOverBlock', 'CueName', 'CueSheetName', 'FadeInTime', 'FadeOutTime', 'IsPlay', 'IgnoreAutoCrossFade', 'ForceIgnoreAutoCrossFade', 'IsPlaySingleModeBgm', 'FadeCurveId', 'BgmStartTimeOffset', 'IsChangeSelectorEnabled', 'SelectorLabel']
  ** Interesting MB: m_Name=
     Keys: ['DataVer', 'Lerp', 'AnimationCurve', 'EasingType', 'IsEnableClip', 'StartFrame', 'ClipLength', 'IsForceUpdate', '_isUpdateOverBlock', 'CharaId', 'SubCharaId', 'ForceCharaIconId', 'SubIconId', 'VoiceSheetId', 'VoiceSubSheetId', 'CueId', 'UseVoiceSelector', 'Name', 'Text', 'Size', 'IsCustomFontStyle', 'OutlineSizeType', 'GradientColorType', 'OutlineColorType', 'NextBlock', 'DifferenceType', 'DifferenceFlag', 'IsTypewriteAnimation', 'WaitFrame', 'VoiceLength', 'Pan3dAngle', 'Type', 'IconMode', 'GainTypeOnExitLoop', 'ChoiceDataList', 'LoopCountSettingData', 'ColorTextInfoList', 'AdditionalGradientList', 'FeaturesFlag', 'EnableClipEndSpace', 'IsOverrideTypewriteSecond', 'OverrideTypewriteSecond', 'SingleChoiceAutoSelectDuration', 'ShowChoiceTextToComment']
  ** Interesting MB: m_Name=
     Keys: ['DataVer', 'Lerp', 'AnimationCurve', 'EasingType', 'IsEnableClip', 'StartFrame', 'ClipLength', 'IsForceUpdate', '_isUpdateOverBlock', 'CharaId', 'SubCharaId', 'ForceCharaIconId', 'SubIconId', 'VoiceSheetId', 'VoiceSubSheetId', 'CueId', 'UseVoiceSelector', 'Name', 'Text', 'Size', 'IsCustomFontStyle', 'OutlineSizeType', 'GradientColorType', 'OutlineColorType', 'NextBlock', 'DifferenceType', 'DifferenceFlag', 'IsTypewriteAnimation', 'WaitFrame', 'VoiceLength', 'Pan3dAngle', 'Type', 'IconMode', 'GainTypeOnExitLoop', 'ChoiceDataList', 'LoopCountSettingData', 'ColorTextInfoList', 'AdditionalGradientList', 'FeaturesFlag', 'EnableClipEndSpace', 'IsOverrideTypewriteSecond', 'OverrideTypewriteSecond', 'SingleChoiceAutoSelectDuration', 'ShowChoiceTextToComment']
  ** Interesting MB: m_Name=
     Keys: ['DataVer', 'Lerp', 'AnimationCurve', 'EasingType', 'IsEnableClip', 'StartFrame', 'ClipLength', 'IsForceUpdate', '_isUpdateOverBlock', 'CharaId', 'SubCharaId', 'ForceCharaIconId', 'SubIconId', 'VoiceSheetId', 'VoiceSubSheetId', 'CueId', 'UseVoiceSelector', 'Name', 'Text', 'Size', 'IsCustomFontStyle', 'OutlineSizeType', 'GradientColorType', 'OutlineColorType', 'NextBlock', 'DifferenceType', 'DifferenceFlag', 'IsTypewriteAnimation', 'WaitFrame', 'VoiceLength', 'Pan3dAngle', 'Type', 'IconMode', 'GainTypeOnExitLoop', 'ChoiceDataList', 'LoopCountSettingData', 'ColorTextInfoList', 'AdditionalGradientList', 'FeaturesFlag', 'EnableClipEndSpace', 'IsOverrideTypewriteSecond', 'OverrideTypewriteSecond', 'SingleChoiceAutoSelectDuration', 'ShowChoiceTextToComment']
  ** Interesting MB: m_Name=
     Keys: ['DataVer', 'Lerp', 'AnimationCurve', 'EasingType', 'IsEnableClip', 'StartFrame', 'ClipLength', 'IsForceUpdate', '_isUpdateOverBlock', 'CharaId', 'SubCharaId', 'ForceCharaIconId', 'SubIconId', 'VoiceSheetId', 'VoiceSubSheetId', 'CueId', 'UseVoiceSelector', 'Name', 'Text', 'Size', 'IsCustomFontStyle', 'OutlineSizeType', 'GradientColorType', 'OutlineColorType', 'NextBlock', 'DifferenceType', 'DifferenceFlag', 'IsTypewriteAnimation', 'WaitFrame', 'VoiceLength', 'Pan3dAngle', 'Type', 'IconMode', 'GainTypeOnExitLoop', 'ChoiceDataList', 'LoopCountSettingData', 'ColorTextInfoList', 'AdditionalGradientList', 'FeaturesFlag', 'EnableClipEndSpace', 'IsOverrideTypewriteSecond', 'OverrideTypewriteSecond', 'SingleChoiceAutoSelectDuration', 'ShowChoiceTextToComment']
  ** Interesting MB: m_Name=
     Keys: ['DataVer', 'Lerp', 'AnimationCurve', 'EasingType', 'IsEnableClip', 'StartFrame', 'ClipLength', 'IsForceUpdate', '_isUpdateOverBlock', 'CueName', 'CueSheetName', 'FadeInTime', 'FadeOutTime', 'IsPlay', 'IgnoreAutoCrossFade', 'ForceIgnoreAutoCrossFade', 'IsPlaySingleModeBgm', 'FadeCurveId', 'BgmStartTimeOffset', 'IsChangeSelectorEnabled', 'SelectorLabel']
  ** Interesting MB: m_Name=
     Keys: ['DataVer', 'Lerp', 'AnimationCurve', 'EasingType', 'IsEnableClip', 'StartFrame', 'ClipLength', 'IsForceUpdate', '_isUpdateOverBlock', 'CharaId', 'SubCharaId', 'ForceCharaIconId', 'SubIconId', 'VoiceSheetId', 'VoiceSubSheetId', 'CueId', 'UseVoiceSelector', 'Name', 'Text', 'Size', 'IsCustomFontStyle', 'OutlineSizeType', 'GradientColorType', 'OutlineColorType', 'NextBlock', 'DifferenceType', 'DifferenceFlag', 'IsTypewriteAnimation', 'WaitFrame', 'VoiceLength', 'Pan3dAngle', 'Type', 'IconMode', 'GainTypeOnExitLoop', 'ChoiceDataList', 'LoopCountSettingData', 'ColorTextInfoList', 'AdditionalGradientList', 'FeaturesFlag', 'EnableClipEndSpace', 'IsOverrideTypewriteSecond', 'OverrideTypewriteSecond', 'SingleChoiceAutoSelectDuration', 'ShowChoiceTextToComment']
  ** Interesting MB: m_Name=
     Keys: ['DataVer', 'Lerp', 'AnimationCurve', 'EasingType', 'IsEnableClip', 'StartFrame', 'ClipLength', 'IsForceUpdate', '_isUpdateOverBlock', 'CharaId', 'SubCharaId', 'ForceCharaIconId', 'SubIconId', 'VoiceSheetId', 'VoiceSubSheetId', 'CueId', 'UseVoiceSelector', 'Name', 'Text', 'Size', 'IsCustomFontStyle', 'OutlineSizeType', 'GradientColorType', 'OutlineColorType', 'NextBlock', 'DifferenceType', 'DifferenceFlag', 'IsTypewriteAnimation', 'WaitFrame', 'VoiceLength', 'Pan3dAngle', 'Type', 'IconMode', 'GainTypeOnExitLoop', 'ChoiceDataList', 'LoopCountSettingData', 'ColorTextInfoList', 'AdditionalGradientList', 'FeaturesFlag', 'EnableClipEndSpace', 'IsOverrideTypewriteSecond', 'OverrideTypewriteSecond', 'SingleChoiceAutoSelectDuration', 'ShowChoiceTextToComment']
  ** Interesting MB: m_Name=
     Keys: ['DataVer', 'Lerp', 'AnimationCurve', 'EasingType', 'IsEnableClip', 'StartFrame', 'ClipLength', 'IsForceUpdate', '_isUpdateOverBlock', 'CharaId', 'SubCharaId', 'ForceCharaIconId', 'SubIconId', 'VoiceSheetId', 'VoiceSubSheetId', 'CueId', 'UseVoiceSelector', 'Name', 'Text', 'Size', 'IsCustomFontStyle', 'OutlineSizeType', 'GradientColorType', 'OutlineColorType', 'NextBlock', 'DifferenceType', 'DifferenceFlag', 'IsTypewriteAnimation', 'WaitFrame', 'VoiceLength', 'Pan3dAngle', 'Type', 'IconMode', 'GainTypeOnExitLoop', 'ChoiceDataList', 'LoopCountSettingData', 'ColorTextInfoList', 'AdditionalGradientList', 'FeaturesFlag', 'EnableClipEndSpace', 'IsOverrideTypewriteSecond', 'OverrideTypewriteSecond', 'SingleChoiceAutoSelectDuration', 'ShowChoiceTextToComment']
  ** Interesting MB: m_Name=
     Keys: ['DataVer', 'Lerp', 'AnimationCurve', 'EasingType', 'IsEnableClip', 'StartFrame', 'ClipLength', 'IsForceUpdate', '_isUpdateOverBlock', 'CharaId', 'SubCharaId', 'ForceCharaIconId', 'SubIconId', 'VoiceSheetId', 'VoiceSubSheetId', 'CueId', 'UseVoiceSelector', 'Name', 'Text', 'Size', 'IsCustomFontStyle', 'OutlineSizeType', 'GradientColorType', 'OutlineColorType', 'NextBlock', 'DifferenceType', 'DifferenceFlag', 'IsTypewriteAnimation', 'WaitFrame', 'VoiceLength', 'Pan3dAngle', 'Type', 'IconMode', 'GainTypeOnExitLoop', 'ChoiceDataList', 'LoopCountSettingData', 'ColorTextInfoList', 'AdditionalGradientList', 'FeaturesFlag', 'EnableClipEndSpace', 'IsOverrideTypewriteSecond', 'OverrideTypewriteSecond', 'SingleChoiceAutoSelectDuration', 'ShowChoiceTextToComment']
  ** Interesting MB: m_Name=
     Keys: ['DataVer', 'Lerp', 'AnimationCurve', 'EasingType', 'IsEnableClip', 'StartFrame', 'ClipLength', 'IsForceUpdate', '_isUpdateOverBlock', 'Type', 'EffectColor', 'FrameColor', 'IsFadeOut', 'KeepWindow', 'ControlDspBusEffect', 'IsPlayMotionSe', 'ShowRecordingMark', 'Target', 'KeepShake', 'PictureFileId', 'PictureSequenceNumber', 'PicturePos', 'PictureSize', 'TelopTextureFileId', 'TelopSquenceNumber', 'UseTelopOffsetPos', 'TelopOffsetPos', 'SetTelopSize', 'TelopSize', 'TelopDefaultAnchor', 'TelopAnimationStartPos', 'TelopAnimationEndPos', 'TelopAnimationStartAngle', 'TelopAnimationEndAngle', 'TelopAnimationStartScale', 'TelopAnimationEndScale', 'TelopTransformCurve', 'TelopAnimationStartAlpha', 'TelopAnimationEndAlpha', 'TelopAlphaCurve', 'TelopIn', 'PlayTelopMoveAnimation', 'PlayTelopRotateAnimation', 'PlayTelopScaleAnimation', 'PlayTelopAlphaAnimation', 'TelopSortingOrder', 'NoiseEffectData', 'CharacterShakeIntensity']
  ** Interesting MB: m_Name=
     Keys: ['DataVer', 'Lerp', 'AnimationCurve', 'EasingType', 'IsEnableClip', 'StartFrame', 'ClipLength', 'IsForceUpdate', '_isUpdateOverBlock', 'Type', 'EffectColor', 'FrameColor', 'IsFadeOut', 'KeepWindow', 'ControlDspBusEffect', 'IsPlayMotionSe', 'ShowRecordingMark', 'Target', 'KeepShake', 'PictureFileId', 'PictureSequenceNumber', 'PicturePos', 'PictureSize', 'TelopTextureFileId', 'TelopSquenceNumber', 'UseTelopOffsetPos', 'TelopOffsetPos', 'SetTelopSize', 'TelopSize', 'TelopDefaultAnchor', 'TelopAnimationStartPos', 'TelopAnimationEndPos', 'TelopAnimationStartAngle', 'TelopAnimationEndAngle', 'TelopAnimationStartScale', 'TelopAnimationEndScale', 'TelopTransformCurve', 'TelopAnimationStartAlpha', 'TelopAnimationEndAlpha', 'TelopAlphaCurve', 'TelopIn', 'PlayTelopMoveAnimation', 'PlayTelopRotateAnimation', 'PlayTelopScaleAnimation', 'PlayTelopAlphaAnimation', 'TelopSortingOrder', 'NoiseEffectData', 'CharacterShakeIntensity']
  ** Interesting MB: m_Name=
     Keys: ['DataVer', 'Lerp', 'AnimationCurve', 'EasingType', 'IsEnableClip', 'StartFrame', 'ClipLength', 'IsForceUpdate', '_isUpdateOverBlock', 'CharaId', 'SubCharaId', 'ForceCharaIconId', 'SubIconId', 'VoiceSheetId', 'VoiceSubSheetId', 'CueId', 'UseVoiceSelector', 'Name', 'Text', 'Size', 'IsCustomFontStyle', 'OutlineSizeType', 'GradientColorType', 'OutlineColorType', 'NextBlock', 'DifferenceType', 'DifferenceFlag', 'IsTypewriteAnimation', 'WaitFrame', 'VoiceLength', 'Pan3dAngle', 'Type', 'IconMode', 'GainTypeOnExitLoop', 'ChoiceDataList', 'LoopCountSettingData', 'ColorTextInfoList', 'AdditionalGradientList', 'FeaturesFlag', 'EnableClipEndSpace', 'IsOverrideTypewriteSecond', 'OverrideTypewriteSecond', 'SingleChoiceAutoSelectDuration', 'ShowChoiceTextToComment']
  ** Interesting MB: m_Name=
     Keys: ['DataVer', 'Lerp', 'AnimationCurve', 'EasingType', 'IsEnableClip', 'StartFrame', 'ClipLength', 'IsForceUpdate', '_isUpdateOverBlock', 'CharaId', 'SubCharaId', 'ForceCharaIconId', 'SubIconId', 'VoiceSheetId', 'VoiceSubSheetId', 'CueId', 'UseVoiceSelector', 'Name', 'Text', 'Size', 'IsCustomFontStyle', 'OutlineSizeType', 'GradientColorType', 'OutlineColorType', 'NextBlock', 'DifferenceType', 'DifferenceFlag', 'IsTypewriteAnimation', 'WaitFrame', 'VoiceLength', 'Pan3dAngle', 'Type', 'IconMode', 'GainTypeOnExitLoop', 'ChoiceDataList', 'LoopCountSettingData', 'ColorTextInfoList', 'AdditionalGradientList', 'FeaturesFlag', 'EnableClipEndSpace', 'IsOverrideTypewriteSecond', 'OverrideTypewriteSecond', 'SingleChoiceAutoSelectDuration', 'ShowChoiceTextToComment']
  ** Interesting MB: m_Name=
     Keys: ['DataVer', 'Lerp', 'AnimationCurve', 'EasingType', 'IsEnableClip', 'StartFrame', 'ClipLength', 'IsForceUpdate', '_isUpdateOverBlock', 'CharaId', 'SubCharaId', 'ForceCharaIconId', 'SubIconId', 'VoiceSheetId', 'VoiceSubSheetId', 'CueId', 'UseVoiceSelector', 'Name', 'Text', 'Size', 'IsCustomFontStyle', 'OutlineSizeType', 'GradientColorType', 'OutlineColorType', 'NextBlock', 'DifferenceType', 'DifferenceFlag', 'IsTypewriteAnimation', 'WaitFrame', 'VoiceLength', 'Pan3dAngle', 'Type', 'IconMode', 'GainTypeOnExitLoop', 'ChoiceDataList', 'LoopCountSettingData', 'ColorTextInfoList', 'AdditionalGradientList', 'FeaturesFlag', 'EnableClipEndSpace', 'IsOverrideTypewriteSecond', 'OverrideTypewriteSecond', 'SingleChoiceAutoSelectDuration', 'ShowChoiceTextToComment']
  ** Interesting MB: m_Name=
     Keys: ['DataVer', 'Lerp', 'AnimationCurve', 'EasingType', 'IsEnableClip', 'StartFrame', 'ClipLength', 'IsForceUpdate', '_isUpdateOverBlock', 'CharaId', 'SubCharaId', 'ForceCharaIconId', 'SubIconId', 'VoiceSheetId', 'VoiceSubSheetId', 'CueId', 'UseVoiceSelector', 'Name', 'Text', 'Size', 'IsCustomFontStyle', 'OutlineSizeType', 'GradientColorType', 'OutlineColorType', 'NextBlock', 'DifferenceType', 'DifferenceFlag', 'IsTypewriteAnimation', 'WaitFrame', 'VoiceLength', 'Pan3dAngle', 'Type', 'IconMode', 'GainTypeOnExitLoop', 'ChoiceDataList', 'LoopCountSettingData', 'ColorTextInfoList', 'AdditionalGradientList', 'FeaturesFlag', 'EnableClipEndSpace', 'IsOverrideTypewriteSecond', 'OverrideTypewriteSecond', 'SingleChoiceAutoSelectDuration', 'ShowChoiceTextToComment']
  ** Interesting MB: m_Name=
     Keys: ['DataVer', 'Lerp', 'AnimationCurve', 'EasingType', 'IsEnableClip', 'StartFrame', 'ClipLength', 'IsForceUpdate', '_isUpdateOverBlock', 'CharaId', 'SubCharaId', 'ForceCharaIconId', 'SubIconId', 'VoiceSheetId', 'VoiceSubSheetId', 'CueId', 'UseVoiceSelector', 'Name', 'Text', 'Size', 'IsCustomFontStyle', 'OutlineSizeType', 'GradientColorType', 'OutlineColorType', 'NextBlock', 'DifferenceType', 'DifferenceFlag', 'IsTypewriteAnimation', 'WaitFrame', 'VoiceLength', 'Pan3dAngle', 'Type', 'IconMode', 'GainTypeOnExitLoop', 'ChoiceDataList', 'LoopCountSettingData', 'ColorTextInfoList', 'AdditionalGradientList', 'FeaturesFlag', 'EnableClipEndSpace', 'IsOverrideTypewriteSecond', 'OverrideTypewriteSecond', 'SingleChoiceAutoSelectDuration', 'ShowChoiceTextToComment']
  ** Interesting MB: m_Name=
     Keys: ['DataVer', 'Lerp', 'AnimationCurve', 'EasingType', 'IsEnableClip', 'StartFrame', 'ClipLength', 'IsForceUpdate', '_isUpdateOverBlock', 'CharaId', 'SubCharaId', 'ForceCharaIconId', 'SubIconId', 'VoiceSheetId', 'VoiceSubSheetId', 'CueId', 'UseVoiceSelector', 'Name', 'Text', 'Size', 'IsCustomFontStyle', 'OutlineSizeType', 'GradientColorType', 'OutlineColorType', 'NextBlock', 'DifferenceType', 'DifferenceFlag', 'IsTypewriteAnimation', 'WaitFrame', 'VoiceLength', 'Pan3dAngle', 'Type', 'IconMode', 'GainTypeOnExitLoop', 'ChoiceDataList', 'LoopCountSettingData', 'ColorTextInfoList', 'AdditionalGradientList', 'FeaturesFlag', 'EnableClipEndSpace', 'IsOverrideTypewriteSecond', 'OverrideTypewriteSecond', 'SingleChoiceAutoSelectDuration', 'ShowChoiceTextToComment']
  ** Interesting MB: m_Name=
     Keys: ['DataVer', 'Lerp', 'AnimationCurve', 'EasingType', 'IsEnableClip', 'StartFrame', 'ClipLength', 'IsForceUpdate', '_isUpdateOverBlock', 'PresetType', 'SelectCameraAnimation', 'CustomCameraAnimation', 'ManualCameraParameter', 'MotionCameraParameter', 'PresetCameraParameter', 'IsCustumNearFar', 'NearPlane', 'FarPlane', 'AspectCorrectionType', 'VerticalBgAspectOffset', 'VerticalOffsetPosition', 'VerticalOffsetRotation', 'HorizontalBgAspectOffset', 'HorizontalOffsetPosition', 'HorizontalOffsetRotation', 'CharaScaleEnabled', 'CharaPosYEnabled', 'BasePosition', 'IsUseNewEvaluate', 'IsAddWaitingTime']
  ** Interesting MB: m_Name=
     Keys: ['DataVer', 'Lerp', 'AnimationCurve', 'EasingType', 'IsEnableClip', 'StartFrame', 'ClipLength', 'IsForceUpdate', '_isUpdateOverBlock', 'CharaId', 'SubCharaId', 'ForceCharaIconId', 'SubIconId', 'VoiceSheetId', 'VoiceSubSheetId', 'CueId', 'UseVoiceSelector', 'Name', 'Text', 'Size', 'IsCustomFontStyle', 'OutlineSizeType', 'GradientColorType', 'OutlineColorType', 'NextBlock', 'DifferenceType', 'DifferenceFlag', 'IsTypewriteAnimation', 'WaitFrame', 'VoiceLength', 'Pan3dAngle', 'Type', 'IconMode', 'GainTypeOnExitLoop', 'ChoiceDataList', 'LoopCountSettingData', 'ColorTextInfoList', 'AdditionalGradientList', 'FeaturesFlag', 'EnableClipEndSpace', 'IsOverrideTypewriteSecond', 'OverrideTypewriteSecond', 'SingleChoiceAutoSelectDuration', 'ShowChoiceTextToComment']
     _ChoiceDataList_item0_keys: ["Text", "NextBlock", "LoopExitNextBlock", "DifferenceType", "DifferenceFlag", "CharaIconId", "PropItemId"]
     _ChoiceDataList_item0: {"Text": "確かに、思い込みはあったなぁ", "NextBlock": 36, "LoopExitNextBlock": -1, "DifferenceType": 0, "DifferenceFlag": 0, "CharaIconId": 0, "PropItemId": 0}
  ** Interesting MB: m_Name=
     Keys: ['DataVer', 'Lerp', 'AnimationCurve', 'EasingType', 'IsEnableClip', 'StartFrame', 'ClipLength', 'IsForceUpdate', '_isUpdateOverBlock', 'CharaId', 'SubCharaId', 'ForceCharaIconId', 'SubIconId', 'VoiceSheetId', 'VoiceSubSheetId', 'CueId', 'UseVoiceSelector', 'Name', 'Text', 'Size', 'IsCustomFontStyle', 'OutlineSizeType', 'GradientColorType', 'OutlineColorType', 'NextBlock', 'DifferenceType', 'DifferenceFlag', 'IsTypewriteAnimation', 'WaitFrame', 'VoiceLength', 'Pan3dAngle', 'Type', 'IconMode', 'GainTypeOnExitLoop', 'ChoiceDataList', 'LoopCountSettingData', 'ColorTextInfoList', 'AdditionalGradientList', 'FeaturesFlag', 'EnableClipEndSpace', 'IsOverrideTypewriteSecond', 'OverrideTypewriteSecond', 'SingleChoiceAutoSelectDuration', 'ShowChoiceTextToComment']
  ** Interesting MB: m_Name=
     Keys: ['DataVer', 'Lerp', 'AnimationCurve', 'EasingType', 'IsEnableClip', 'StartFrame', 'ClipLength', 'IsForceUpdate', '_isUpdateOverBlock', 'CharaId', 'SubCharaId', 'ForceCharaIconId', 'SubIconId', 'VoiceSheetId', 'VoiceSubSheetId', 'CueId', 'UseVoiceSelector', 'Name', 'Text', 'Size', 'IsCustomFontStyle', 'OutlineSizeType', 'GradientColorType', 'OutlineColorType', 'NextBlock', 'DifferenceType', 'DifferenceFlag', 'IsTypewriteAnimation', 'WaitFrame', 'VoiceLength', 'Pan3dAngle', 'Type', 'IconMode', 'GainTypeOnExitLoop', 'ChoiceDataList', 'LoopCountSettingData', 'ColorTextInfoList', 'AdditionalGradientList', 'FeaturesFlag', 'EnableClipEndSpace', 'IsOverrideTypewriteSecond', 'OverrideTypewriteSecond', 'SingleChoiceAutoSelectDuration', 'ShowChoiceTextToComment']
     _ChoiceDataList_item0_keys: ["Text", "NextBlock", "LoopExitNextBlock", "DifferenceType", "DifferenceFlag", "CharaIconId", "PropItemId"]
     _ChoiceDataList_item0: {"Text": "概念グッズ……？", "NextBlock": 23, "LoopExitNextBlock": -1, "DifferenceType": 0, "DifferenceFlag": 0, "CharaIconId": 0, "PropItemId": 0}
  ** Interesting MB: m_Name=
     Keys: ['DataVer', 'Lerp', 'AnimationCurve', 'EasingType', 'IsEnableClip', 'StartFrame', 'ClipLength', 'IsForceUpdate', '_isUpdateOverBlock', 'Type', 'EffectColor', 'FrameColor', 'IsFadeOut', 'KeepWindow', 'ControlDspBusEffect', 'IsPlayMotionSe', 'ShowRecordingMark', 'Target', 'KeepShake', 'PictureFileId', 'PictureSequenceNumber', 'PicturePos', 'PictureSize', 'TelopTextureFileId', 'TelopSquenceNumber', 'UseTelopOffsetPos', 'TelopOffsetPos', 'SetTelopSize', 'TelopSize', 'TelopDefaultAnchor', 'TelopAnimationStartPos', 'TelopAnimationEndPos', 'TelopAnimationStartAngle', 'TelopAnimationEndAngle', 'TelopAnimationStartScale', 'TelopAnimationEndScale', 'TelopTransformCurve', 'TelopAnimationStartAlpha', 'TelopAnimationEndAlpha', 'TelopAlphaCurve', 'TelopIn', 'PlayTelopMoveAnimation', 'PlayTelopRotateAnimation', 'PlayTelopScaleAnimation', 'PlayTelopAlphaAnimation', 'TelopSortingOrder', 'NoiseEffectData', 'CharacterShakeIntensity']
  ** Interesting MB: m_Name=
     Keys: ['DataVer', 'Lerp', 'AnimationCurve', 'EasingType', 'IsEnableClip', 'StartFrame', 'ClipLength', 'IsForceUpdate', '_isUpdateOverBlock', 'CharaId', 'SubCharaId', 'ForceCharaIconId', 'SubIconId', 'VoiceSheetId', 'VoiceSubSheetId', 'CueId', 'UseVoiceSelector', 'Name', 'Text', 'Size', 'IsCustomFontStyle', 'OutlineSizeType', 'GradientColorType', 'OutlineColorType', 'NextBlock', 'DifferenceType', 'DifferenceFlag', 'IsTypewriteAnimation', 'WaitFrame', 'VoiceLength', 'Pan3dAngle', 'Type', 'IconMode', 'GainTypeOnExitLoop', 'ChoiceDataList', 'LoopCountSettingData', 'ColorTextInfoList', 'AdditionalGradientList', 'FeaturesFlag', 'EnableClipEndSpace', 'IsOverrideTypewriteSecond', 'OverrideTypewriteSecond', 'SingleChoiceAutoSelectDuration', 'ShowChoiceTextToComment']
  ** Interesting MB: m_Name=
     Keys: ['DataVer', 'Lerp', 'AnimationCurve', 'EasingType', 'IsEnableClip', 'StartFrame', 'ClipLength', 'IsForceUpdate', '_isUpdateOverBlock', 'Type', 'EffectColor', 'FrameColor', 'IsFadeOut', 'KeepWindow', 'ControlDspBusEffect', 'IsPlayMotionSe', 'ShowRecordingMark', 'Target', 'KeepShake', 'PictureFileId', 'PictureSequenceNumber', 'PicturePos', 'PictureSize', 'TelopTextureFileId', 'TelopSquenceNumber', 'UseTelopOffsetPos', 'TelopOffsetPos', 'SetTelopSize', 'TelopSize', 'TelopDefaultAnchor', 'TelopAnimationStartPos', 'TelopAnimationEndPos', 'TelopAnimationStartAngle', 'TelopAnimationEndAngle', 'TelopAnimationStartScale', 'TelopAnimationEndScale', 'TelopTransformCurve', 'TelopAnimationStartAlpha', 'TelopAnimationEndAlpha', 'TelopAlphaCurve', 'TelopIn', 'PlayTelopMoveAnimation', 'PlayTelopRotateAnimation', 'PlayTelopScaleAnimation', 'PlayTelopAlphaAnimation', 'TelopSortingOrder', 'NoiseEffectData', 'CharacterShakeIntensity']
  ** Interesting MB: m_Name=
     Keys: ['DataVer', 'Lerp', 'AnimationCurve', 'EasingType', 'IsEnableClip', 'StartFrame', 'ClipLength', 'IsForceUpdate', '_isUpdateOverBlock', 'CharaId', 'SubCharaId', 'ForceCharaIconId', 'SubIconId', 'VoiceSheetId', 'VoiceSubSheetId', 'CueId', 'UseVoiceSelector', 'Name', 'Text', 'Size', 'IsCustomFontStyle', 'OutlineSizeType', 'GradientColorType', 'OutlineColorType', 'NextBlock', 'DifferenceType', 'DifferenceFlag', 'IsTypewriteAnimation', 'WaitFrame', 'VoiceLength', 'Pan3dAngle', 'Type', 'IconMode', 'GainTypeOnExitLoop', 'ChoiceDataList', 'LoopCountSettingData', 'ColorTextInfoList', 'AdditionalGradientList', 'FeaturesFlag', 'EnableClipEndSpace', 'IsOverrideTypewriteSecond', 'OverrideTypewriteSecond', 'SingleChoiceAutoSelectDuration', 'ShowChoiceTextToComment']
  ** Interesting MB: m_Name=
     Keys: ['DataVer', 'Lerp', 'AnimationCurve', 'EasingType', 'IsEnableClip', 'StartFrame', 'ClipLength', 'IsForceUpdate', '_isUpdateOverBlock', 'CharaId', 'SubCharaId', 'ForceCharaIconId', 'SubIconId', 'VoiceSheetId', 'VoiceSubSheetId', 'CueId', 'UseVoiceSelector', 'Name', 'Text', 'Size', 'IsCustomFontStyle', 'OutlineSizeType', 'GradientColorType', 'OutlineColorType', 'NextBlock', 'DifferenceType', 'DifferenceFlag', 'IsTypewriteAnimation', 'WaitFrame', 'VoiceLength', 'Pan3dAngle', 'Type', 'IconMode', 'GainTypeOnExitLoop', 'ChoiceDataList', 'LoopCountSettingData', 'ColorTextInfoList', 'AdditionalGradientList', 'FeaturesFlag', 'EnableClipEndSpace', 'IsOverrideTypewriteSecond', 'OverrideTypewriteSecond', 'SingleChoiceAutoSelectDuration', 'ShowChoiceTextToComment']
  ** Interesting MB: m_Name=
     Keys: ['DataVer', 'Lerp', 'AnimationCurve', 'EasingType', 'IsEnableClip', 'StartFrame', 'ClipLength', 'IsForceUpdate', '_isUpdateOverBlock', 'Type', 'EffectColor', 'FrameColor', 'IsFadeOut', 'KeepWindow', 'ControlDspBusEffect', 'IsPlayMotionSe', 'ShowRecordingMark', 'Target', 'KeepShake', 'PictureFileId', 'PictureSequenceNumber', 'PicturePos', 'PictureSize', 'TelopTextureFileId', 'TelopSquenceNumber', 'UseTelopOffsetPos', 'TelopOffsetPos', 'SetTelopSize', 'TelopSize', 'TelopDefaultAnchor', 'TelopAnimationStartPos', 'TelopAnimationEndPos', 'TelopAnimationStartAngle', 'TelopAnimationEndAngle', 'TelopAnimationStartScale', 'TelopAnimationEndScale', 'TelopTransformCurve', 'TelopAnimationStartAlpha', 'TelopAnimationEndAlpha', 'TelopAlphaCurve', 'TelopIn', 'PlayTelopMoveAnimation', 'PlayTelopRotateAnimation', 'PlayTelopScaleAnimation', 'PlayTelopAlphaAnimation', 'TelopSortingOrder', 'NoiseEffectData', 'CharacterShakeIntensity']
  ** Interesting MB: m_Name=
     Keys: ['DataVer', 'Lerp', 'AnimationCurve', 'EasingType', 'IsEnableClip', 'StartFrame', 'ClipLength', 'IsForceUpdate', '_isUpdateOverBlock', 'CharaId', 'SubCharaId', 'ForceCharaIconId', 'SubIconId', 'VoiceSheetId', 'VoiceSubSheetId', 'CueId', 'UseVoiceSelector', 'Name', 'Text', 'Size', 'IsCustomFontStyle', 'OutlineSizeType', 'GradientColorType', 'OutlineColorType', 'NextBlock', 'DifferenceType', 'DifferenceFlag', 'IsTypewriteAnimation', 'WaitFrame', 'VoiceLength', 'Pan3dAngle', 'Type', 'IconMode', 'GainTypeOnExitLoop', 'ChoiceDataList', 'LoopCountSettingData', 'ColorTextInfoList', 'AdditionalGradientList', 'FeaturesFlag', 'EnableClipEndSpace', 'IsOverrideTypewriteSecond', 'OverrideTypewriteSecond', 'SingleChoiceAutoSelectDuration', 'ShowChoiceTextToComment']
  ** Interesting MB: m_Name=
     Keys: ['DataVer', 'Lerp', 'AnimationCurve', 'EasingType', 'IsEnableClip', 'StartFrame', 'ClipLength', 'IsForceUpdate', '_isUpdateOverBlock', 'CharaId', 'SubCharaId', 'ForceCharaIconId', 'SubIconId', 'VoiceSheetId', 'VoiceSubSheetId', 'CueId', 'UseVoiceSelector', 'Name', 'Text', 'Size', 'IsCustomFontStyle', 'OutlineSizeType', 'GradientColorType', 'OutlineColorType', 'NextBlock', 'DifferenceType', 'DifferenceFlag', 'IsTypewriteAnimation', 'WaitFrame', 'VoiceLength', 'Pan3dAngle', 'Type', 'IconMode', 'GainTypeOnExitLoop', 'ChoiceDataList', 'LoopCountSettingData', 'ColorTextInfoList', 'AdditionalGradientList', 'FeaturesFlag', 'EnableClipEndSpace', 'IsOverrideTypewriteSecond', 'OverrideTypewriteSecond', 'SingleChoiceAutoSelectDuration', 'ShowChoiceTextToComment']
  ** Interesting MB: m_Name=
     Keys: ['DataVer', 'Lerp', 'AnimationCurve', 'EasingType', 'IsEnableClip', 'StartFrame', 'ClipLength', 'IsForceUpdate', '_isUpdateOverBlock', 'CharaId', 'SubCharaId', 'ForceCharaIconId', 'SubIconId', 'VoiceSheetId', 'VoiceSubSheetId', 'CueId', 'UseVoiceSelector', 'Name', 'Text', 'Size', 'IsCustomFontStyle', 'OutlineSizeType', 'GradientColorType', 'OutlineColorType', 'NextBlock', 'DifferenceType', 'DifferenceFlag', 'IsTypewriteAnimation', 'WaitFrame', 'VoiceLength', 'Pan3dAngle', 'Type', 'IconMode', 'GainTypeOnExitLoop', 'ChoiceDataList', 'LoopCountSettingData', 'ColorTextInfoList', 'AdditionalGradientList', 'FeaturesFlag', 'EnableClipEndSpace', 'IsOverrideTypewriteSecond', 'OverrideTypewriteSecond', 'SingleChoiceAutoSelectDuration', 'ShowChoiceTextToComment']
  ** Interesting MB: m_Name=
     Keys: ['DataVer', 'Lerp', 'AnimationCurve', 'EasingType', 'IsEnableClip', 'StartFrame', 'ClipLength', 'IsForceUpdate', '_isUpdateOverBlock', 'CharaId', 'SubCharaId', 'ForceCharaIconId', 'SubIconId', 'VoiceSheetId', 'VoiceSubSheetId', 'CueId', 'UseVoiceSelector', 'Name', 'Text', 'Size', 'IsCustomFontStyle', 'OutlineSizeType', 'GradientColorType', 'OutlineColorType', 'NextBlock', 'DifferenceType', 'DifferenceFlag', 'IsTypewriteAnimation', 'WaitFrame', 'VoiceLength', 'Pan3dAngle', 'Type', 'IconMode', 'GainTypeOnExitLoop', 'ChoiceDataList', 'LoopCountSettingData', 'ColorTextInfoList', 'AdditionalGradientList', 'FeaturesFlag', 'EnableClipEndSpace', 'IsOverrideTypewriteSecond', 'OverrideTypewriteSecond', 'SingleChoiceAutoSelectDuration', 'ShowChoiceTextToComment']
  ** Interesting MB: m_Name=
     Keys: ['DataVer', 'Lerp', 'AnimationCurve', 'EasingType', 'IsEnableClip', 'StartFrame', 'ClipLength', 'IsForceUpdate', '_isUpdateOverBlock', 'CharaId', 'SubCharaId', 'ForceCharaIconId', 'SubIconId', 'VoiceSheetId', 'VoiceSubSheetId', 'CueId', 'UseVoiceSelector', 'Name', 'Text', 'Size', 'IsCustomFontStyle', 'OutlineSizeType', 'GradientColorType', 'OutlineColorType', 'NextBlock', 'DifferenceType', 'DifferenceFlag', 'IsTypewriteAnimation', 'WaitFrame', 'VoiceLength', 'Pan3dAngle', 'Type', 'IconMode', 'GainTypeOnExitLoop', 'ChoiceDataList', 'LoopCountSettingData', 'ColorTextInfoList', 'AdditionalGradientList', 'FeaturesFlag', 'EnableClipEndSpace', 'IsOverrideTypewriteSecond', 'OverrideTypewriteSecond', 'SingleChoiceAutoSelectDuration', 'ShowChoiceTextToComment']
  ** Interesting MB: m_Name=
     Keys: ['DataVer', 'Lerp', 'AnimationCurve', 'EasingType', 'IsEnableClip', 'StartFrame', 'ClipLength', 'IsForceUpdate', '_isUpdateOverBlock', 'CharaId', 'SubCharaId', 'ForceCharaIconId', 'SubIconId', 'VoiceSheetId', 'VoiceSubSheetId', 'CueId', 'UseVoiceSelector', 'Name', 'Text', 'Size', 'IsCustomFontStyle', 'OutlineSizeType', 'GradientColorType', 'OutlineColorType', 'NextBlock', 'DifferenceType', 'DifferenceFlag', 'IsTypewriteAnimation', 'WaitFrame', 'VoiceLength', 'Pan3dAngle', 'Type', 'IconMode', 'GainTypeOnExitLoop', 'ChoiceDataList', 'LoopCountSettingData', 'ColorTextInfoList', 'AdditionalGradientList', 'FeaturesFlag', 'EnableClipEndSpace', 'IsOverrideTypewriteSecond', 'OverrideTypewriteSecond', 'SingleChoiceAutoSelectDuration', 'ShowChoiceTextToComment']
  ** Interesting MB: m_Name=
     Keys: ['DataVer', 'Lerp', 'AnimationCurve', 'EasingType', 'IsEnableClip', 'StartFrame', 'ClipLength', 'IsForceUpdate', '_isUpdateOverBlock', 'CharaId', 'SubCharaId', 'ForceCharaIconId', 'SubIconId', 'VoiceSheetId', 'VoiceSubSheetId', 'CueId', 'UseVoiceSelector', 'Name', 'Text', 'Size', 'IsCustomFontStyle', 'OutlineSizeType', 'GradientColorType', 'OutlineColorType', 'NextBlock', 'DifferenceType', 'DifferenceFlag', 'IsTypewriteAnimation', 'WaitFrame', 'VoiceLength', 'Pan3dAngle', 'Type', 'IconMode', 'GainTypeOnExitLoop', 'ChoiceDataList', 'LoopCountSettingData', 'ColorTextInfoList', 'AdditionalGradientList', 'FeaturesFlag', 'EnableClipEndSpace', 'IsOverrideTypewriteSecond', 'OverrideTypewriteSecond', 'SingleChoiceAutoSelectDuration', 'ShowChoiceTextToComment']
     _ChoiceDataList_item0_keys: ["Text", "NextBlock", "LoopExitNextBlock", "DifferenceType", "DifferenceFlag", "CharaIconId", "PropItemId"]
     _ChoiceDataList_item0: {"Text": "それは確かに……成功を祈ってるよ", "NextBlock": 32, "LoopExitNextBlock": -1, "DifferenceType": 0, "DifferenceFlag": 0, "CharaIconId": 0, "PropItemId": 0}
  ** Interesting MB: m_Name=
     Keys: ['DataVer', 'Lerp', 'AnimationCurve', 'EasingType', 'IsEnableClip', 'StartFrame', 'ClipLength', 'IsForceUpdate', '_isUpdateOverBlock', 'CharaId', 'SubCharaId', 'ForceCharaIconId', 'SubIconId', 'VoiceSheetId', 'VoiceSubSheetId', 'CueId', 'UseVoiceSelector', 'Name', 'Text', 'Size', 'IsCustomFontStyle', 'OutlineSizeType', 'GradientColorType', 'OutlineColorType', 'NextBlock', 'DifferenceType', 'DifferenceFlag', 'IsTypewriteAnimation', 'WaitFrame', 'VoiceLength', 'Pan3dAngle', 'Type', 'IconMode', 'GainTypeOnExitLoop', 'ChoiceDataList', 'LoopCountSettingData', 'ColorTextInfoList', 'AdditionalGradientList', 'FeaturesFlag', 'EnableClipEndSpace', 'IsOverrideTypewriteSecond', 'OverrideTypewriteSecond', 'SingleChoiceAutoSelectDuration', 'ShowChoiceTextToComment']
  ** Interesting MB: m_Name=
     Keys: ['DataVer', 'Lerp', 'AnimationCurve', 'EasingType', 'IsEnableClip', 'StartFrame', 'ClipLength', 'IsForceUpdate', '_isUpdateOverBlock', 'CharaId', 'SubCharaId', 'ForceCharaIconId', 'SubIconId', 'VoiceSheetId', 'VoiceSubSheetId', 'CueId', 'UseVoiceSelector', 'Name', 'Text', 'Size', 'IsCustomFontStyle', 'OutlineSizeType', 'GradientColorType', 'OutlineColorType', 'NextBlock', 'DifferenceType', 'DifferenceFlag', 'IsTypewriteAnimation', 'WaitFrame', 'VoiceLength', 'Pan3dAngle', 'Type', 'IconMode', 'GainTypeOnExitLoop', 'ChoiceDataList', 'LoopCountSettingData', 'ColorTextInfoList', 'AdditionalGradientList', 'FeaturesFlag', 'EnableClipEndSpace', 'IsOverrideTypewriteSecond', 'OverrideTypewriteSecond', 'SingleChoiceAutoSelectDuration', 'ShowChoiceTextToComment']
  ChoiceDataList #0: 2 entries
    [0]: {"Text": "行動力すごいね！？", "NextBlock": 31, "LoopExitNextBlock": -1, "DifferenceType": 0, "DifferenceFlag": 0, "CharaIconId": 0, "PropItemId": 0}
    [1]: {"Text": "……こういうグッズもアリだね", "NextBlock": 35, "LoopExitNextBlock": -1, "DifferenceType": 0, "DifferenceFlag": 0, "CharaIconId": 0, "PropItemId": 0}
  ChoiceDataList #1: 1 entries
    [0]: {"Text": "確かに、思い込みはあったなぁ", "NextBlock": 36, "LoopExitNextBlock": -1, "DifferenceType": 0, "DifferenceFlag": 0, "CharaIconId": 0, "PropItemId": 0}
  ChoiceDataList #2: 1 entries
    [0]: {"Text": "概念グッズ……？", "NextBlock": 23, "LoopExitNextBlock": -1, "DifferenceType": 0, "DifferenceFlag": 0, "CharaIconId": 0, "PropItemId": 0}
  ChoiceDataList #3: 1 entries
    [0]: {"Text": "それは確かに……成功を祈ってるよ", "NextBlock": 32, "LoopExitNextBlock": -1, "DifferenceType": 0, "DifferenceFlag": 0, "CharaIconId": 0, "PropItemId": 0}

Full dump written to C:\Users\nikit\Documents\clairvoyance\diag_support_bundles.json
Log written to C:\Users\nikit\Documents\clairvoyance\diag_support_bundles.log
